<?xml version="1.0" encoding="UTF-8"?>
<coverage generated="1762201700516" clover="3.2.0">
  <project timestamp="1762201700517" name="All files">
    <metrics statements="302" coveredstatements="237" conditionals="170" coveredconditionals="110" methods="48" coveredmethods="38" elements="520" coveredelements="385" complexity="0" loc="302" ncloc="302" packages="9" files="21" classes="21"/>
    <package name="application.dtos">
      <metrics statements="12" coveredstatements="0" conditionals="2" coveredconditionals="0" methods="3" coveredmethods="0"/>
      <file name="ReenviarWebhookInput.js" path="C:\Users\SUPORTE 61\Documents\code\Disparador_de_Webhooks\src\application\dtos\ReenviarWebhookInput.js">
        <metrics statements="12" coveredstatements="0" conditionals="2" coveredconditionals="0" methods="3" coveredmethods="0"/>
        <line num="8" count="0" type="stmt"/>
        <line num="9" count="0" type="stmt"/>
        <line num="10" count="0" type="stmt"/>
        <line num="11" count="0" type="stmt"/>
        <line num="15" count="0" type="stmt"/>
        <line num="52" count="0" type="stmt"/>
        <line num="54" count="0" type="cond" truecount="0" falsecount="2"/>
        <line num="55" count="0" type="stmt"/>
        <line num="56" count="0" type="stmt"/>
        <line num="57" count="0" type="stmt"/>
        <line num="58" count="0" type="stmt"/>
        <line num="61" count="0" type="stmt"/>
      </file>
    </package>
    <package name="application.useCases">
      <metrics statements="114" coveredstatements="99" conditionals="73" coveredconditionals="56" methods="12" coveredmethods="12"/>
      <file name="ConsultarProtocoloUseCase.js" path="C:\Users\SUPORTE 61\Documents\code\Disparador_de_Webhooks\src\application\useCases\ConsultarProtocoloUseCase.js">
        <metrics statements="23" coveredstatements="18" conditionals="12" coveredconditionals="9" methods="2" coveredmethods="2"/>
        <line num="11" count="3" type="cond" truecount="1" falsecount="1"/>
        <line num="12" count="0" type="stmt"/>
        <line num="14" count="3" type="cond" truecount="1" falsecount="1"/>
        <line num="15" count="0" type="stmt"/>
        <line num="17" count="3" type="stmt"/>
        <line num="18" count="3" type="stmt"/>
        <line num="22" count="3" type="stmt"/>
        <line num="25" count="3" type="stmt"/>
        <line num="26" count="3" type="stmt"/>
        <line num="27" count="3" type="cond" truecount="2" falsecount="0"/>
        <line num="28" count="1" type="stmt"/>
        <line num="29" count="1" type="stmt"/>
        <line num="32" count="0" type="stmt"/>
        <line num="35" count="2" type="stmt"/>
        <line num="38" count="2" type="stmt"/>
        <line num="39" count="2" type="cond" truecount="2" falsecount="0"/>
        <line num="40" count="1" type="stmt"/>
        <line num="44" count="1" type="cond" truecount="3" falsecount="1"/>
        <line num="45" count="1" type="stmt"/>
        <line num="46" count="1" type="stmt"/>
        <line num="48" count="0" type="stmt"/>
        <line num="51" count="0" type="stmt"/>
        <line num="54" count="1" type="stmt"/>
      </file>
      <file name="ListarProtocolosUseCase.js" path="C:\Users\SUPORTE 61\Documents\code\Disparador_de_Webhooks\src\application\useCases\ListarProtocolosUseCase.js">
        <metrics statements="34" coveredstatements="29" conditionals="20" coveredconditionals="17" methods="4" coveredmethods="4"/>
        <line num="8" count="12" type="cond" truecount="1" falsecount="1"/>
        <line num="9" count="0" type="stmt"/>
        <line num="11" count="12" type="cond" truecount="1" falsecount="1"/>
        <line num="12" count="0" type="stmt"/>
        <line num="14" count="12" type="stmt"/>
        <line num="15" count="12" type="stmt"/>
        <line num="19" count="13" type="stmt"/>
        <line num="21" count="13" type="cond" truecount="4" falsecount="0"/>
        <line num="22" count="2" type="stmt"/>
        <line num="27" count="11" type="stmt"/>
        <line num="29" count="11" type="stmt"/>
        <line num="31" count="11" type="cond" truecount="4" falsecount="0"/>
        <line num="32" count="1" type="stmt"/>
        <line num="35" count="10" type="cond" truecount="2" falsecount="0"/>
        <line num="36" count="1" type="stmt"/>
        <line num="41" count="9" type="stmt"/>
        <line num="42" count="9" type="cond" truecount="2" falsecount="0"/>
        <line num="43" count="1" type="stmt"/>
        <line num="48" count="8" type="stmt"/>
        <line num="50" count="24" type="stmt"/>
        <line num="54" count="8" type="stmt"/>
        <line num="57" count="8" type="stmt"/>
        <line num="58" count="8" type="stmt"/>
        <line num="61" count="8" type="stmt"/>
        <line num="65" count="8" type="stmt"/>
        <line num="67" count="8" type="cond" truecount="2" falsecount="0"/>
        <line num="68" count="1" type="cond" truecount="1" falsecount="1"/>
        <line num="69" count="0" type="stmt"/>
        <line num="70" count="0" type="stmt"/>
        <line num="72" count="0" type="stmt"/>
        <line num="75" count="1" type="stmt"/>
        <line num="80" count="7" type="stmt"/>
        <line num="86" count="7" type="stmt"/>
        <line num="88" count="7" type="stmt"/>
      </file>
      <file name="ReenviarWebhookUseCase.js" path="C:\Users\SUPORTE 61\Documents\code\Disparador_de_Webhooks\src\application\useCases\ReenviarWebhookUseCase.js">
        <metrics statements="57" coveredstatements="52" conditionals="41" coveredconditionals="30" methods="6" coveredmethods="6"/>
        <line num="9" count="1" type="stmt"/>
        <line num="25" count="5" type="cond" truecount="1" falsecount="1"/>
        <line num="26" count="5" type="cond" truecount="1" falsecount="1"/>
        <line num="27" count="5" type="cond" truecount="1" falsecount="1"/>
        <line num="28" count="5" type="cond" truecount="1" falsecount="1"/>
        <line num="30" count="5" type="stmt"/>
        <line num="31" count="5" type="stmt"/>
        <line num="32" count="5" type="stmt"/>
        <line num="33" count="5" type="stmt"/>
        <line num="39" count="5" type="cond" truecount="2" falsecount="0"/>
        <line num="40" count="5" type="stmt"/>
        <line num="42" count="5" type="cond" truecount="5" falsecount="0"/>
        <line num="43" count="1" type="stmt"/>
        <line num="47" count="4" type="stmt"/>
        <line num="49" count="4" type="stmt"/>
        <line num="50" count="3" type="stmt"/>
        <line num="52" count="3" type="cond" truecount="2" falsecount="0"/>
        <line num="53" count="1" type="stmt"/>
        <line num="54" count="1" type="stmt"/>
        <line num="55" count="1" type="stmt"/>
        <line num="56" count="1" type="stmt"/>
        <line num="60" count="2" type="stmt"/>
        <line num="62" count="2" type="stmt"/>
        <line num="66" count="2" type="stmt"/>
        <line num="67" count="2" type="stmt"/>
        <line num="68" count="2" type="stmt"/>
        <line num="69" count="2" type="cond" truecount="3" falsecount="1"/>
        <line num="70" count="0" type="stmt"/>
        <line num="73" count="2" type="cond" truecount="1" falsecount="1"/>
        <line num="74" count="0" type="stmt"/>
        <line num="75" count="0" type="stmt"/>
        <line num="79" count="2" type="stmt"/>
        <line num="80" count="2" type="stmt"/>
        <line num="82" count="2" type="stmt"/>
        <line num="83" count="2" type="cond" truecount="1" falsecount="1"/>
        <line num="84" count="0" type="stmt"/>
        <line num="89" count="2" type="stmt"/>
        <line num="93" count="2" type="stmt"/>
        <line num="94" count="2" type="stmt"/>
        <line num="95" count="2" type="stmt"/>
        <line num="98" count="2" type="stmt"/>
        <line num="101" count="2" type="stmt"/>
        <line num="102" count="2" type="stmt"/>
        <line num="113" count="2" type="stmt"/>
        <line num="116" count="2" type="stmt"/>
        <line num="121" count="2" type="stmt"/>
        <line num="122" count="2" type="cond" truecount="1" falsecount="1"/>
        <line num="123" count="2" type="stmt"/>
        <line num="124" count="2" type="stmt"/>
        <line num="125" count="2" type="stmt"/>
        <line num="130" count="1" type="cond" truecount="3" falsecount="0"/>
        <line num="131" count="1" type="cond" truecount="1" falsecount="1"/>
        <line num="132" count="1" type="stmt"/>
        <line num="136" count="1" type="stmt"/>
        <line num="138" count="0" type="stmt"/>
        <line num="141" count="1" type="stmt"/>
        <line num="145" count="1" type="stmt"/>
      </file>
    </package>
    <package name="domain.exceptions">
      <metrics statements="12" coveredstatements="5" conditionals="1" coveredconditionals="0" methods="4" coveredmethods="2"/>
      <file name="ConflictException.js" path="C:\Users\SUPORTE 61\Documents\code\Disparador_de_Webhooks\src\domain\exceptions\ConflictException.js">
        <metrics statements="4" coveredstatements="0" conditionals="0" coveredconditionals="0" methods="1" coveredmethods="0"/>
        <line num="10" count="0" type="stmt"/>
        <line num="11" count="0" type="stmt"/>
        <line num="12" count="0" type="stmt"/>
        <line num="13" count="0" type="stmt"/>
      </file>
      <file name="InvalidRequestException.js" path="C:\Users\SUPORTE 61\Documents\code\Disparador_de_Webhooks\src\domain\exceptions\InvalidRequestException.js">
        <metrics statements="2" coveredstatements="2" conditionals="1" coveredconditionals="0" methods="1" coveredmethods="1"/>
        <line num="3" count="5" type="stmt"/>
        <line num="4" count="5" type="stmt"/>
      </file>
      <file name="ProtocoloNaoEncontradoException.js" path="C:\Users\SUPORTE 61\Documents\code\Disparador_de_Webhooks\src\domain\exceptions\ProtocoloNaoEncontradoException.js">
        <metrics statements="3" coveredstatements="3" conditionals="0" coveredconditionals="0" methods="1" coveredmethods="1"/>
        <line num="9" count="1" type="stmt"/>
        <line num="10" count="1" type="stmt"/>
        <line num="11" count="1" type="stmt"/>
      </file>
      <file name="UnprocessableEntityException.js" path="C:\Users\SUPORTE 61\Documents\code\Disparador_de_Webhooks\src\domain\exceptions\UnprocessableEntityException.js">
        <metrics statements="3" coveredstatements="0" conditionals="0" coveredconditionals="0" methods="1" coveredmethods="0"/>
        <line num="4" count="0" type="stmt"/>
        <line num="5" count="0" type="stmt"/>
        <line num="6" count="0" type="stmt"/>
      </file>
    </package>
    <package name="infrastructure.cache.redis">
      <metrics statements="19" coveredstatements="11" conditionals="15" coveredconditionals="5" methods="7" coveredmethods="2"/>
      <file name="RedisCacheRepository.js" path="C:\Users\SUPORTE 61\Documents\code\Disparador_de_Webhooks\src\infrastructure\cache\redis\RedisCacheRepository.js">
        <metrics statements="19" coveredstatements="11" conditionals="15" coveredconditionals="5" methods="7" coveredmethods="2"/>
        <line num="8" count="12" type="stmt"/>
        <line num="9" count="12" type="stmt"/>
        <line num="16" count="12" type="stmt"/>
        <line num="17" count="12" type="stmt"/>
        <line num="18" count="12" type="stmt"/>
        <line num="20" count="0" type="stmt"/>
        <line num="25" count="0" type="cond" truecount="0" falsecount="2"/>
        <line num="26" count="0" type="stmt"/>
        <line num="30" count="0" type="cond" truecount="0" falsecount="2"/>
        <line num="31" count="0" type="stmt"/>
        <line num="32" count="0" type="cond" truecount="0" falsecount="2"/>
        <line num="34" count="0" type="stmt"/>
        <line num="36" count="0" type="stmt"/>
        <line num="40" count="12" type="cond" truecount="1" falsecount="1"/>
        <line num="41" count="12" type="stmt"/>
        <line num="43" count="12" type="stmt"/>
        <line num="44" count="12" type="stmt"/>
        <line num="45" count="12" type="stmt"/>
        <line num="52" count="12" type="stmt"/>
      </file>
    </package>
    <package name="infrastructure.database.sequelize.config">
      <metrics statements="12" coveredstatements="12" conditionals="22" coveredconditionals="11" methods="0" coveredmethods="0"/>
      <file name="config.cjs" path="C:\Users\SUPORTE 61\Documents\code\Disparador_de_Webhooks\src\infrastructure\database\sequelize\config\config.cjs">
        <metrics statements="12" coveredstatements="12" conditionals="22" coveredconditionals="11" methods="0" coveredmethods="0"/>
        <line num="1" count="12" type="stmt"/>
        <line num="6" count="12" type="cond" truecount="1" falsecount="1"/>
        <line num="7" count="12" type="cond" truecount="1" falsecount="1"/>
        <line num="10" count="12" type="stmt"/>
        <line num="13" count="12" type="stmt"/>
        <line num="14" count="12" type="stmt"/>
        <line num="15" count="12" type="stmt"/>
        <line num="16" count="12" type="stmt"/>
        <line num="17" count="12" type="stmt"/>
        <line num="18" count="12" type="stmt"/>
        <line num="20" count="12" type="cond" truecount="1" falsecount="1"/>
        <line num="22" count="12" type="stmt"/>
      </file>
    </package>
    <package name="infrastructure.database.sequelize.models">
      <metrics statements="70" coveredstatements="67" conditionals="6" coveredconditionals="3" methods="15" coveredmethods="15"/>
      <file name="CedenteModel.cjs" path="C:\Users\SUPORTE 61\Documents\code\Disparador_de_Webhooks\src\infrastructure\database\sequelize\models\CedenteModel.cjs">
        <metrics statements="6" coveredstatements="6" conditionals="0" coveredconditionals="0" methods="2" coveredmethods="2"/>
        <line num="3" count="12" type="stmt"/>
        <line num="5" count="12" type="stmt"/>
        <line num="8" count="12" type="stmt"/>
        <line num="9" count="12" type="stmt"/>
        <line num="13" count="12" type="stmt"/>
        <line num="54" count="12" type="stmt"/>
      </file>
      <file name="ContaModel.cjs" path="C:\Users\SUPORTE 61\Documents\code\Disparador_de_Webhooks\src\infrastructure\database\sequelize\models\ContaModel.cjs">
        <metrics statements="6" coveredstatements="6" conditionals="0" coveredconditionals="0" methods="2" coveredmethods="2"/>
        <line num="3" count="12" type="stmt"/>
        <line num="5" count="12" type="stmt"/>
        <line num="8" count="12" type="stmt"/>
        <line num="9" count="12" type="stmt"/>
        <line num="12" count="12" type="stmt"/>
        <line num="29" count="12" type="stmt"/>
      </file>
      <file name="ConvenioModel.cjs" path="C:\Users\SUPORTE 61\Documents\code\Disparador_de_Webhooks\src\infrastructure\database\sequelize\models\ConvenioModel.cjs">
        <metrics statements="5" coveredstatements="5" conditionals="0" coveredconditionals="0" methods="2" coveredmethods="2"/>
        <line num="3" count="12" type="stmt"/>
        <line num="5" count="12" type="stmt"/>
        <line num="8" count="12" type="stmt"/>
        <line num="11" count="12" type="stmt"/>
        <line num="25" count="12" type="stmt"/>
      </file>
      <file name="ServicoModel.cjs" path="C:\Users\SUPORTE 61\Documents\code\Disparador_de_Webhooks\src\infrastructure\database\sequelize\models\ServicoModel.cjs">
        <metrics statements="5" coveredstatements="5" conditionals="0" coveredconditionals="0" methods="2" coveredmethods="2"/>
        <line num="2" count="12" type="stmt"/>
        <line num="4" count="12" type="stmt"/>
        <line num="7" count="12" type="stmt"/>
        <line num="10" count="12" type="stmt"/>
        <line num="36" count="12" type="stmt"/>
      </file>
      <file name="SoftwareHouseModel.cjs" path="C:\Users\SUPORTE 61\Documents\code\Disparador_de_Webhooks\src\infrastructure\database\sequelize\models\SoftwareHouseModel.cjs">
        <metrics statements="4" coveredstatements="4" conditionals="0" coveredconditionals="0" methods="2" coveredmethods="2"/>
        <line num="2" count="12" type="stmt"/>
        <line num="4" count="12" type="stmt"/>
        <line num="9" count="12" type="stmt"/>
        <line num="40" count="12" type="stmt"/>
      </file>
      <file name="WebhookModel.cjs" path="C:\Users\SUPORTE 61\Documents\code\Disparador_de_Webhooks\src\infrastructure\database\sequelize\models\WebhookModel.cjs">
        <metrics statements="5" coveredstatements="5" conditionals="0" coveredconditionals="0" methods="2" coveredmethods="2"/>
        <line num="2" count="12" type="stmt"/>
        <line num="4" count="12" type="stmt"/>
        <line num="7" count="12" type="stmt"/>
        <line num="11" count="12" type="stmt"/>
        <line num="51" count="12" type="stmt"/>
      </file>
      <file name="WebhookReprocessadoModel.cjs" path="C:\Users\SUPORTE 61\Documents\code\Disparador_de_Webhooks\src\infrastructure\database\sequelize\models\WebhookReprocessadoModel.cjs">
        <metrics statements="5" coveredstatements="5" conditionals="0" coveredconditionals="0" methods="2" coveredmethods="2"/>
        <line num="3" count="12" type="stmt"/>
        <line num="5" count="12" type="stmt"/>
        <line num="8" count="12" type="stmt"/>
        <line num="12" count="12" type="stmt"/>
        <line num="70" count="12" type="stmt"/>
      </file>
      <file name="index.cjs" path="C:\Users\SUPORTE 61\Documents\code\Disparador_de_Webhooks\src\infrastructure\database\sequelize\models\index.cjs">
        <metrics statements="34" coveredstatements="31" conditionals="6" coveredconditionals="3" methods="1" coveredmethods="1"/>
        <line num="3" count="12" type="stmt"/>
        <line num="4" count="12" type="stmt"/>
        <line num="5" count="12" type="stmt"/>
        <line num="6" count="12" type="stmt"/>
        <line num="8" count="12" type="cond" truecount="1" falsecount="1"/>
        <line num="10" count="12" type="stmt"/>
        <line num="11" count="12" type="stmt"/>
        <line num="13" count="12" type="cond" truecount="1" falsecount="1"/>
        <line num="14" count="0" type="stmt"/>
        <line num="15" count="0" type="stmt"/>
        <line num="18" count="12" type="stmt"/>
        <line num="23" count="12" type="stmt"/>
        <line num="26" count="12" type="stmt"/>
        <line num="28" count="12" type="stmt"/>
        <line num="29" count="12" type="stmt"/>
        <line num="30" count="12" type="stmt"/>
        <line num="31" count="12" type="stmt"/>
        <line num="32" count="12" type="stmt"/>
        <line num="33" count="12" type="stmt"/>
        <line num="34" count="12" type="stmt"/>
        <line num="36" count="12" type="stmt"/>
        <line num="38" count="12" type="stmt"/>
        <line num="39" count="12" type="stmt"/>
        <line num="40" count="12" type="stmt"/>
        <line num="41" count="12" type="stmt"/>
        <line num="42" count="12" type="stmt"/>
        <line num="43" count="12" type="stmt"/>
        <line num="44" count="12" type="stmt"/>
        <line num="47" count="0" type="stmt"/>
        <line num="53" count="12" type="stmt"/>
        <line num="54" count="84" type="cond" truecount="1" falsecount="1"/>
        <line num="55" count="84" type="stmt"/>
        <line num="56" count="84" type="stmt"/>
        <line num="60" count="12" type="stmt"/>
      </file>
    </package>
    <package name="infrastructure.database.sequelize.repositories">
      <metrics statements="28" coveredstatements="24" conditionals="23" coveredconditionals="19" methods="4" coveredmethods="4"/>
      <file name="SequelizeWebhookReprocessadoRepository.js" path="C:\Users\SUPORTE 61\Documents\code\Disparador_de_Webhooks\src\infrastructure\database\sequelize\repositories\SequelizeWebhookReprocessadoRepository.js">
        <metrics statements="28" coveredstatements="24" conditionals="23" coveredconditionals="19" methods="4" coveredmethods="4"/>
        <line num="5" count="10" type="cond" truecount="1" falsecount="1"/>
        <line num="6" count="0" type="stmt"/>
        <line num="8" count="10" type="cond" truecount="1" falsecount="1"/>
        <line num="9" count="0" type="stmt"/>
        <line num="11" count="10" type="cond" truecount="1" falsecount="1"/>
        <line num="12" count="0" type="stmt"/>
        <line num="14" count="10" type="stmt"/>
        <line num="15" count="10" type="stmt"/>
        <line num="16" count="10" type="stmt"/>
        <line num="20" count="7" type="stmt"/>
        <line num="22" count="7" type="stmt"/>
        <line num="28" count="7" type="cond" truecount="1" falsecount="1"/>
        <line num="29" count="0" type="stmt"/>
        <line num="31" count="7" type="cond" truecount="2" falsecount="0"/>
        <line num="32" count="1" type="stmt"/>
        <line num="34" count="7" type="cond" truecount="2" falsecount="0"/>
        <line num="35" count="1" type="stmt"/>
        <line num="38" count="7" type="cond" truecount="2" falsecount="0"/>
        <line num="39" count="1" type="stmt"/>
        <line num="47" count="7" type="cond" truecount="5" falsecount="0"/>
        <line num="48" count="1" type="stmt"/>
        <line num="53" count="7" type="stmt"/>
        <line num="57" count="2" type="cond" truecount="2" falsecount="0"/>
        <line num="58" count="1" type="stmt"/>
        <line num="60" count="1" type="stmt"/>
        <line num="66" count="2" type="cond" truecount="2" falsecount="0"/>
        <line num="67" count="1" type="stmt"/>
        <line num="69" count="1" type="stmt"/>
      </file>
    </package>
    <package name="infrastructure.http.express.middlewares">
      <metrics statements="28" coveredstatements="12" conditionals="17" coveredconditionals="6" methods="2" coveredmethods="2"/>
      <file name="AuthMiddleware.js" path="C:\Users\SUPORTE 61\Documents\code\Disparador_de_Webhooks\src\infrastructure\http\express\middlewares\AuthMiddleware.js">
        <metrics statements="28" coveredstatements="12" conditionals="17" coveredconditionals="6" methods="2" coveredmethods="2"/>
        <line num="7" count="1" type="cond" truecount="3" falsecount="1"/>
        <line num="8" count="0" type="stmt"/>
        <line num="13" count="1" type="stmt"/>
        <line num="14" count="1" type="stmt"/>
        <line num="16" count="1" type="stmt"/>
        <line num="17" count="1" type="cond" truecount="1" falsecount="1"/>
        <line num="18" count="1" type="stmt"/>
        <line num="19" count="1" type="stmt"/>
        <line num="20" count="1" type="stmt"/>
        <line num="21" count="1" type="stmt"/>
        <line num="23" count="1" type="cond" truecount="2" falsecount="4"/>
        <line num="24" count="1" type="stmt"/>
        <line num="25" count="1" type="stmt"/>
        <line num="28" count="0" type="stmt"/>
        <line num="29" count="0" type="stmt"/>
        <line num="31" count="0" type="stmt"/>
        <line num="36" count="0" type="cond" truecount="0" falsecount="2"/>
        <line num="37" count="0" type="stmt"/>
        <line num="38" count="0" type="stmt"/>
        <line num="41" count="0" type="cond" truecount="0" falsecount="2"/>
        <line num="42" count="0" type="stmt"/>
        <line num="43" count="0" type="stmt"/>
        <line num="46" count="0" type="stmt"/>
        <line num="47" count="0" type="stmt"/>
        <line num="48" count="0" type="stmt"/>
        <line num="50" count="0" type="stmt"/>
        <line num="53" count="0" type="stmt"/>
        <line num="54" count="0" type="stmt"/>
      </file>
    </package>
    <package name="services">
      <metrics statements="7" coveredstatements="7" conditionals="11" coveredconditionals="10" methods="1" coveredmethods="1"/>
      <file name="notificationConfigResolver.js" path="C:\Users\SUPORTE 61\Documents\code\Disparador_de_Webhooks\src\services\notificationConfigResolver.js">
        <metrics statements="7" coveredstatements="7" conditionals="11" coveredconditionals="10" methods="1" coveredmethods="1"/>
        <line num="1" count="2" type="stmt"/>
        <line num="8" count="5" type="cond" truecount="2" falsecount="0"/>
        <line num="10" count="5" type="cond" truecount="4" falsecount="0"/>
        <line num="11" count="1" type="stmt"/>
        <line num="14" count="4" type="cond" truecount="4" falsecount="0"/>
        <line num="15" count="3" type="stmt"/>
        <line num="18" count="1" type="stmt"/>
      </file>
    </package>
  </project>
</coverage>
