{"C:\\Users\\SUPORTE 61\\Documents\\code\\Disparador_de_Webhooks\\src\\application\\dtos\\ReenviarWebhookInput.js": {"path":"C:\\Users\\SUPORTE 61\\Documents\\code\\Disparador_de_Webhooks\\src\\application\\dtos\\ReenviarWebhookInput.js","statementMap":{"0":{"start":{"line":8,"column":4},"end":{"line":8,"column":27}},"1":{"start":{"line":9,"column":4},"end":{"line":9,"column":17}},"2":{"start":{"line":10,"column":4},"end":{"line":10,"column":21}},"3":{"start":{"line":11,"column":4},"end":{"line":11,"column":21}},"4":{"start":{"line":15,"column":19},"end":{"line":50,"column":6}},"5":{"start":{"line":52,"column":29},"end":{"line":52,"column":74}},"6":{"start":{"line":54,"column":4},"end":{"line":59,"column":5}},"7":{"start":{"line":55,"column":22},"end":{"line":55,"column":73}},"8":{"start":{"line":55,"column":49},"end":{"line":55,"column":60}},"9":{"start":{"line":56,"column":30},"end":{"line":56,"column":48}},"10":{"start":{"line":57,"column":6},"end":{"line":57,"column":35}},"11":{"start":{"line":58,"column":6},"end":{"line":58,"column":28}},"12":{"start":{"line":61,"column":4},"end":{"line":61,"column":43}}},"fnMap":{"0":{"name":"(anonymous_0)","decl":{"start":{"line":7,"column":2},"end":{"line":7,"column":3}},"loc":{"start":{"line":7,"column":43},"end":{"line":12,"column":3}},"line":7},"1":{"name":"(anonymous_1)","decl":{"start":{"line":14,"column":2},"end":{"line":14,"column":3}},"loc":{"start":{"line":14,"column":25},"end":{"line":62,"column":3}},"line":14},"2":{"name":"(anonymous_2)","decl":{"start":{"line":55,"column":40},"end":{"line":55,"column":41}},"loc":{"start":{"line":55,"column":49},"end":{"line":55,"column":60}},"line":55}},"branchMap":{"0":{"loc":{"start":{"line":54,"column":4},"end":{"line":59,"column":5}},"type":"if","locations":[{"start":{"line":54,"column":4},"end":{"line":59,"column":5}},{"start":{},"end":{}}],"line":54}},"s":{"0":0,"1":0,"2":0,"3":0,"4":0,"5":0,"6":0,"7":0,"8":0,"9":0,"10":0,"11":0,"12":0},"f":{"0":0,"1":0,"2":0},"b":{"0":[0,0]},"_coverageSchema":"1a1c01bbd47fc00a2c39e90264f33305004495a9","hash":"3b544af21a51f35a6d620a8e84c69150d58a414a"}
,"C:\\Users\\SUPORTE 61\\Documents\\code\\Disparador_de_Webhooks\\src\\application\\useCases\\ConsultarProtocoloUseCase.js": {"path":"C:\\Users\\SUPORTE 61\\Documents\\code\\Disparador_de_Webhooks\\src\\application\\useCases\\ConsultarProtocoloUseCase.js","statementMap":{"0":{"start":{"line":11,"column":4},"end":{"line":13,"column":5}},"1":{"start":{"line":12,"column":6},"end":{"line":12,"column":67}},"2":{"start":{"line":14,"column":4},"end":{"line":16,"column":5}},"3":{"start":{"line":15,"column":6},"end":{"line":15,"column":53}},"4":{"start":{"line":17,"column":4},"end":{"line":17,"column":46}},"5":{"start":{"line":18,"column":4},"end":{"line":18,"column":33}},"6":{"start":{"line":22,"column":21},"end":{"line":22,"column":45}},"7":{"start":{"line":25,"column":4},"end":{"line":33,"column":5}},"8":{"start":{"line":26,"column":21},"end":{"line":26,"column":51}},"9":{"start":{"line":27,"column":6},"end":{"line":30,"column":7}},"10":{"start":{"line":28,"column":8},"end":{"line":28,"column":80}},"11":{"start":{"line":29,"column":8},"end":{"line":29,"column":34}},"12":{"start":{"line":32,"column":6},"end":{"line":32,"column":82}},"13":{"start":{"line":35,"column":4},"end":{"line":35,"column":81}},"14":{"start":{"line":38,"column":19},"end":{"line":38,"column":61}},"15":{"start":{"line":39,"column":4},"end":{"line":41,"column":5}},"16":{"start":{"line":40,"column":6},"end":{"line":40,"column":76}},"17":{"start":{"line":44,"column":4},"end":{"line":52,"column":5}},"18":{"start":{"line":45,"column":6},"end":{"line":49,"column":7}},"19":{"start":{"line":46,"column":8},"end":{"line":46,"column":78}},"20":{"start":{"line":48,"column":8},"end":{"line":48,"column":92}},"21":{"start":{"line":51,"column":6},"end":{"line":51,"column":111}},"22":{"start":{"line":54,"column":4},"end":{"line":54,"column":18}}},"fnMap":{"0":{"name":"(anonymous_0)","decl":{"start":{"line":10,"column":2},"end":{"line":10,"column":3}},"loc":{"start":{"line":10,"column":62},"end":{"line":19,"column":3}},"line":10},"1":{"name":"(anonymous_1)","decl":{"start":{"line":21,"column":2},"end":{"line":21,"column":3}},"loc":{"start":{"line":21,"column":27},"end":{"line":55,"column":3}},"line":21}},"branchMap":{"0":{"loc":{"start":{"line":11,"column":4},"end":{"line":13,"column":5}},"type":"if","locations":[{"start":{"line":11,"column":4},"end":{"line":13,"column":5}},{"start":{},"end":{}}],"line":11},"1":{"loc":{"start":{"line":14,"column":4},"end":{"line":16,"column":5}},"type":"if","locations":[{"start":{"line":14,"column":4},"end":{"line":16,"column":5}},{"start":{},"end":{}}],"line":14},"2":{"loc":{"start":{"line":27,"column":6},"end":{"line":30,"column":7}},"type":"if","locations":[{"start":{"line":27,"column":6},"end":{"line":30,"column":7}},{"start":{},"end":{}}],"line":27},"3":{"loc":{"start":{"line":39,"column":4},"end":{"line":41,"column":5}},"type":"if","locations":[{"start":{"line":39,"column":4},"end":{"line":41,"column":5}},{"start":{},"end":{}}],"line":39},"4":{"loc":{"start":{"line":44,"column":4},"end":{"line":52,"column":5}},"type":"if","locations":[{"start":{"line":44,"column":4},"end":{"line":52,"column":5}},{"start":{"line":50,"column":11},"end":{"line":52,"column":5}}],"line":44},"5":{"loc":{"start":{"line":44,"column":8},"end":{"line":44,"column":31}},"type":"binary-expr","locations":[{"start":{"line":44,"column":8},"end":{"line":44,"column":14}},{"start":{"line":44,"column":18},"end":{"line":44,"column":31}}],"line":44}},"s":{"0":3,"1":0,"2":3,"3":0,"4":3,"5":3,"6":3,"7":3,"8":3,"9":3,"10":1,"11":1,"12":0,"13":2,"14":2,"15":2,"16":1,"17":1,"18":1,"19":1,"20":0,"21":0,"22":1},"f":{"0":3,"1":3},"b":{"0":[0,3],"1":[0,3],"2":[1,2],"3":[1,1],"4":[1,0],"5":[1,1]},"_coverageSchema":"1a1c01bbd47fc00a2c39e90264f33305004495a9","hash":"e4855ca7231cf958a7debd67bca372f66e0f5d79"}
,"C:\\Users\\SUPORTE 61\\Documents\\code\\Disparador_de_Webhooks\\src\\application\\useCases\\ListarProtocolosUseCase.js": {"path":"C:\\Users\\SUPORTE 61\\Documents\\code\\Disparador_de_Webhooks\\src\\application\\useCases\\ListarProtocolosUseCase.js","statementMap":{"0":{"start":{"line":8,"column":4},"end":{"line":10,"column":5}},"1":{"start":{"line":9,"column":6},"end":{"line":9,"column":67}},"2":{"start":{"line":11,"column":4},"end":{"line":13,"column":5}},"3":{"start":{"line":12,"column":6},"end":{"line":12,"column":53}},"4":{"start":{"line":14,"column":4},"end":{"line":14,"column":71}},"5":{"start":{"line":15,"column":4},"end":{"line":15,"column":43}},"6":{"start":{"line":19,"column":37},"end":{"line":19,"column":44}},"7":{"start":{"line":21,"column":4},"end":{"line":25,"column":5}},"8":{"start":{"line":22,"column":6},"end":{"line":24,"column":8}},"9":{"start":{"line":27,"column":22},"end":{"line":27,"column":42}},"10":{"start":{"line":29,"column":20},"end":{"line":29,"column":48}},"11":{"start":{"line":31,"column":4},"end":{"line":33,"column":5}},"12":{"start":{"line":32,"column":6},"end":{"line":32,"column":78}},"13":{"start":{"line":35,"column":4},"end":{"line":39,"column":5}},"14":{"start":{"line":36,"column":6},"end":{"line":38,"column":8}},"15":{"start":{"line":41,"column":21},"end":{"line":41,"column":57}},"16":{"start":{"line":42,"column":4},"end":{"line":46,"column":5}},"17":{"start":{"line":43,"column":6},"end":{"line":45,"column":8}},"18":{"start":{"line":48,"column":24},"end":{"line":52,"column":5}},"19":{"start":{"line":50,"column":19},"end":{"line":50,"column":60}},"20":{"start":{"line":54,"column":26},"end":{"line":59,"column":12}},"21":{"start":{"line":57,"column":8},"end":{"line":57,"column":36}},"22":{"start":{"line":58,"column":8},"end":{"line":58,"column":19}},"23":{"start":{"line":61,"column":21},"end":{"line":63,"column":7}},"24":{"start":{"line":65,"column":23},"end":{"line":65,"column":63}},"25":{"start":{"line":67,"column":4},"end":{"line":77,"column":5}},"26":{"start":{"line":68,"column":6},"end":{"line":76,"column":7}},"27":{"start":{"line":69,"column":8},"end":{"line":73,"column":9}},"28":{"start":{"line":70,"column":10},"end":{"line":70,"column":40}},"29":{"start":{"line":72,"column":10},"end":{"line":72,"column":62}},"30":{"start":{"line":75,"column":8},"end":{"line":75,"column":26}},"31":{"start":{"line":80,"column":6},"end":{"line":84,"column":8}},"32":{"start":{"line":86,"column":4},"end":{"line":86,"column":73}},"33":{"start":{"line":88,"column":4},"end":{"line":88,"column":22}}},"fnMap":{"0":{"name":"(anonymous_0)","decl":{"start":{"line":7,"column":2},"end":{"line":7,"column":3}},"loc":{"start":{"line":7,"column":66},"end":{"line":16,"column":3}},"line":7},"1":{"name":"(anonymous_1)","decl":{"start":{"line":18,"column":2},"end":{"line":18,"column":3}},"loc":{"start":{"line":18,"column":25},"end":{"line":89,"column":3}},"line":18},"2":{"name":"(anonymous_2)","decl":{"start":{"line":50,"column":8},"end":{"line":50,"column":9}},"loc":{"start":{"line":50,"column":19},"end":{"line":50,"column":60}},"line":50},"3":{"name":"(anonymous_3)","decl":{"start":{"line":56,"column":14},"end":{"line":56,"column":15}},"loc":{"start":{"line":56,"column":28},"end":{"line":59,"column":7}},"line":56}},"branchMap":{"0":{"loc":{"start":{"line":8,"column":4},"end":{"line":10,"column":5}},"type":"if","locations":[{"start":{"line":8,"column":4},"end":{"line":10,"column":5}},{"start":{},"end":{}}],"line":8},"1":{"loc":{"start":{"line":11,"column":4},"end":{"line":13,"column":5}},"type":"if","locations":[{"start":{"line":11,"column":4},"end":{"line":13,"column":5}},{"start":{},"end":{}}],"line":11},"2":{"loc":{"start":{"line":21,"column":4},"end":{"line":25,"column":5}},"type":"if","locations":[{"start":{"line":21,"column":4},"end":{"line":25,"column":5}},{"start":{},"end":{}}],"line":21},"3":{"loc":{"start":{"line":21,"column":8},"end":{"line":21,"column":32}},"type":"binary-expr","locations":[{"start":{"line":21,"column":8},"end":{"line":21,"column":19}},{"start":{"line":21,"column":23},"end":{"line":21,"column":32}}],"line":21},"4":{"loc":{"start":{"line":31,"column":4},"end":{"line":33,"column":5}},"type":"if","locations":[{"start":{"line":31,"column":4},"end":{"line":33,"column":5}},{"start":{},"end":{}}],"line":31},"5":{"loc":{"start":{"line":31,"column":8},"end":{"line":31,"column":62}},"type":"binary-expr","locations":[{"start":{"line":31,"column":8},"end":{"line":31,"column":34}},{"start":{"line":31,"column":38},"end":{"line":31,"column":62}}],"line":31},"6":{"loc":{"start":{"line":35,"column":4},"end":{"line":39,"column":5}},"type":"if","locations":[{"start":{"line":35,"column":4},"end":{"line":39,"column":5}},{"start":{},"end":{}}],"line":35},"7":{"loc":{"start":{"line":42,"column":4},"end":{"line":46,"column":5}},"type":"if","locations":[{"start":{"line":42,"column":4},"end":{"line":46,"column":5}},{"start":{},"end":{}}],"line":42},"8":{"loc":{"start":{"line":67,"column":4},"end":{"line":77,"column":5}},"type":"if","locations":[{"start":{"line":67,"column":4},"end":{"line":77,"column":5}},{"start":{},"end":{}}],"line":67},"9":{"loc":{"start":{"line":68,"column":6},"end":{"line":76,"column":7}},"type":"if","locations":[{"start":{"line":68,"column":6},"end":{"line":76,"column":7}},{"start":{"line":74,"column":13},"end":{"line":76,"column":7}}],"line":68}},"s":{"0":12,"1":0,"2":12,"3":0,"4":12,"5":12,"6":13,"7":13,"8":2,"9":11,"10":11,"11":11,"12":1,"13":10,"14":1,"15":9,"16":9,"17":1,"18":8,"19":24,"20":8,"21":8,"22":8,"23":8,"24":8,"25":8,"26":1,"27":0,"28":0,"29":0,"30":1,"31":7,"32":7,"33":7},"f":{"0":12,"1":13,"2":24,"3":8},"b":{"0":[0,12],"1":[0,12],"2":[2,11],"3":[13,12],"4":[1,10],"5":[11,10],"6":[1,9],"7":[1,8],"8":[1,7],"9":[0,1]},"_coverageSchema":"1a1c01bbd47fc00a2c39e90264f33305004495a9","hash":"2e6505d36f2fbfe43796c03e35377604d474e7b6"}
,"C:\\Users\\SUPORTE 61\\Documents\\code\\Disparador_de_Webhooks\\src\\application\\useCases\\ReenviarWebhookUseCase.js": {"path":"C:\\Users\\SUPORTE 61\\Documents\\code\\Disparador_de_Webhooks\\src\\application\\useCases\\ReenviarWebhookUseCase.js","statementMap":{"0":{"start":{"line":9,"column":28},"end":{"line":13,"column":1}},"1":{"start":{"line":25,"column":4},"end":{"line":25,"column":73}},"2":{"start":{"line":25,"column":28},"end":{"line":25,"column":73}},"3":{"start":{"line":26,"column":4},"end":{"line":26,"column":97}},"4":{"start":{"line":26,"column":40},"end":{"line":26,"column":97}},"5":{"start":{"line":27,"column":4},"end":{"line":27,"column":59}},"6":{"start":{"line":27,"column":21},"end":{"line":27,"column":59}},"7":{"start":{"line":28,"column":4},"end":{"line":28,"column":61}},"8":{"start":{"line":28,"column":22},"end":{"line":28,"column":61}},"9":{"start":{"line":30,"column":4},"end":{"line":30,"column":47}},"10":{"start":{"line":31,"column":4},"end":{"line":31,"column":64}},"11":{"start":{"line":32,"column":4},"end":{"line":32,"column":33}},"12":{"start":{"line":33,"column":4},"end":{"line":33,"column":35}},"13":{"start":{"line":39,"column":45},"end":{"line":39,"column":56}},"14":{"start":{"line":40,"column":26},"end":{"line":40,"column":34}},"15":{"start":{"line":42,"column":4},"end":{"line":44,"column":5}},"16":{"start":{"line":43,"column":6},"end":{"line":43,"column":40}},"17":{"start":{"line":47,"column":21},"end":{"line":47,"column":64}},"18":{"start":{"line":49,"column":30},"end":{"line":49,"column":77}},"19":{"start":{"line":49,"column":59},"end":{"line":49,"column":75}},"20":{"start":{"line":50,"column":25},"end":{"line":50,"column":82}},"21":{"start":{"line":50,"column":44},"end":{"line":50,"column":81}},"22":{"start":{"line":52,"column":4},"end":{"line":57,"column":5}},"23":{"start":{"line":53,"column":20},"end":{"line":53,"column":82}},"24":{"start":{"line":54,"column":6},"end":{"line":54,"column":25}},"25":{"start":{"line":55,"column":6},"end":{"line":55,"column":41}},"26":{"start":{"line":56,"column":6},"end":{"line":56,"column":18}},"27":{"start":{"line":60,"column":26},"end":{"line":60,"column":60}},"28":{"start":{"line":62,"column":36},"end":{"line":65,"column":5}},"29":{"start":{"line":66,"column":35},"end":{"line":66,"column":37}},"30":{"start":{"line":67,"column":4},"end":{"line":72,"column":5}},"31":{"start":{"line":68,"column":26},"end":{"line":68,"column":53}},"32":{"start":{"line":69,"column":6},"end":{"line":71,"column":7}},"33":{"start":{"line":70,"column":8},"end":{"line":70,"column":40}},"34":{"start":{"line":73,"column":4},"end":{"line":76,"column":5}},"35":{"start":{"line":74,"column":27},"end":{"line":74,"column":134}},"36":{"start":{"line":75,"column":6},"end":{"line":75,"column":83}},"37":{"start":{"line":79,"column":22},"end":{"line":79,"column":47}},"38":{"start":{"line":80,"column":21},"end":{"line":80,"column":75}},"39":{"start":{"line":82,"column":28},"end":{"line":82,"column":64}},"40":{"start":{"line":83,"column":4},"end":{"line":87,"column":5}},"41":{"start":{"line":84,"column":6},"end":{"line":86,"column":8}},"42":{"start":{"line":89,"column":4},"end":{"line":89,"column":71}},"43":{"start":{"line":93,"column":29},"end":{"line":96,"column":6}},"44":{"start":{"line":94,"column":6},"end":{"line":94,"column":89}},"45":{"start":{"line":95,"column":6},"end":{"line":95,"column":59}},"46":{"start":{"line":98,"column":4},"end":{"line":98,"column":47}},"47":{"start":{"line":101,"column":32},"end":{"line":101,"column":61}},"48":{"start":{"line":102,"column":30},"end":{"line":112,"column":5}},"49":{"start":{"line":113,"column":4},"end":{"line":113,"column":64}},"50":{"start":{"line":116,"column":4},"end":{"line":116,"column":40}},"51":{"start":{"line":121,"column":19},"end":{"line":121,"column":64}},"52":{"start":{"line":122,"column":27},"end":{"line":122,"column":53}},"53":{"start":{"line":123,"column":4},"end":{"line":123,"column":73}},"54":{"start":{"line":124,"column":4},"end":{"line":146,"column":5}},"55":{"start":{"line":125,"column":6},"end":{"line":129,"column":8}},"56":{"start":{"line":130,"column":24},"end":{"line":130,"column":83}},"57":{"start":{"line":131,"column":6},"end":{"line":139,"column":7}},"58":{"start":{"line":132,"column":8},"end":{"line":135,"column":11}},"59":{"start":{"line":136,"column":8},"end":{"line":136,"column":84}},"60":{"start":{"line":138,"column":8},"end":{"line":138,"column":58}},"61":{"start":{"line":141,"column":6},"end":{"line":144,"column":9}},"62":{"start":{"line":145,"column":6},"end":{"line":145,"column":73}}},"fnMap":{"0":{"name":"(anonymous_0)","decl":{"start":{"line":19,"column":2},"end":{"line":19,"column":3}},"loc":{"start":{"line":24,"column":10},"end":{"line":34,"column":3}},"line":24},"1":{"name":"(anonymous_1)","decl":{"start":{"line":36,"column":2},"end":{"line":36,"column":3}},"loc":{"start":{"line":36,"column":32},"end":{"line":117,"column":3}},"line":36},"2":{"name":"(anonymous_2)","decl":{"start":{"line":49,"column":51},"end":{"line":49,"column":52}},"loc":{"start":{"line":49,"column":59},"end":{"line":49,"column":75}},"line":49},"3":{"name":"(anonymous_3)","decl":{"start":{"line":50,"column":36},"end":{"line":50,"column":37}},"loc":{"start":{"line":50,"column":44},"end":{"line":50,"column":81}},"line":50},"4":{"name":"(anonymous_4)","decl":{"start":{"line":93,"column":42},"end":{"line":93,"column":43}},"loc":{"start":{"line":93,"column":55},"end":{"line":96,"column":5}},"line":93},"5":{"name":"(anonymous_5)","decl":{"start":{"line":119,"column":2},"end":{"line":119,"column":3}},"loc":{"start":{"line":119,"column":50},"end":{"line":147,"column":3}},"line":119}},"branchMap":{"0":{"loc":{"start":{"line":19,"column":14},"end":{"line":24,"column":8}},"type":"default-arg","locations":[{"start":{"line":24,"column":6},"end":{"line":24,"column":8}}],"line":19},"1":{"loc":{"start":{"line":25,"column":4},"end":{"line":25,"column":73}},"type":"if","locations":[{"start":{"line":25,"column":4},"end":{"line":25,"column":73}},{"start":{},"end":{}}],"line":25},"2":{"loc":{"start":{"line":26,"column":4},"end":{"line":26,"column":97}},"type":"if","locations":[{"start":{"line":26,"column":4},"end":{"line":26,"column":97}},{"start":{},"end":{}}],"line":26},"3":{"loc":{"start":{"line":27,"column":4},"end":{"line":27,"column":59}},"type":"if","locations":[{"start":{"line":27,"column":4},"end":{"line":27,"column":59}},{"start":{},"end":{}}],"line":27},"4":{"loc":{"start":{"line":28,"column":4},"end":{"line":28,"column":61}},"type":"if","locations":[{"start":{"line":28,"column":4},"end":{"line":28,"column":61}},{"start":{},"end":{}}],"line":28},"5":{"loc":{"start":{"line":39,"column":45},"end":{"line":39,"column":56}},"type":"binary-expr","locations":[{"start":{"line":39,"column":45},"end":{"line":39,"column":50}},{"start":{"line":39,"column":54},"end":{"line":39,"column":56}}],"line":39},"6":{"loc":{"start":{"line":42,"column":4},"end":{"line":44,"column":5}},"type":"if","locations":[{"start":{"line":42,"column":4},"end":{"line":44,"column":5}},{"start":{},"end":{}}],"line":42},"7":{"loc":{"start":{"line":42,"column":8},"end":{"line":42,"column":55}},"type":"binary-expr","locations":[{"start":{"line":42,"column":8},"end":{"line":42,"column":12}},{"start":{"line":42,"column":16},"end":{"line":42,"column":35}},{"start":{"line":42,"column":39},"end":{"line":42,"column":55}}],"line":42},"8":{"loc":{"start":{"line":52,"column":4},"end":{"line":57,"column":5}},"type":"if","locations":[{"start":{"line":52,"column":4},"end":{"line":57,"column":5}},{"start":{},"end":{}}],"line":52},"9":{"loc":{"start":{"line":69,"column":6},"end":{"line":71,"column":7}},"type":"if","locations":[{"start":{"line":69,"column":6},"end":{"line":71,"column":7}},{"start":{},"end":{}}],"line":69},"10":{"loc":{"start":{"line":69,"column":10},"end":{"line":69,"column":54}},"type":"binary-expr","locations":[{"start":{"line":69,"column":10},"end":{"line":69,"column":21}},{"start":{"line":69,"column":25},"end":{"line":69,"column":54}}],"line":69},"11":{"loc":{"start":{"line":73,"column":4},"end":{"line":76,"column":5}},"type":"if","locations":[{"start":{"line":73,"column":4},"end":{"line":76,"column":5}},{"start":{},"end":{}}],"line":73},"12":{"loc":{"start":{"line":83,"column":4},"end":{"line":87,"column":5}},"type":"if","locations":[{"start":{"line":83,"column":4},"end":{"line":87,"column":5}},{"start":{},"end":{}}],"line":83},"13":{"loc":{"start":{"line":107,"column":18},"end":{"line":107,"column":48}},"type":"binary-expr","locations":[{"start":{"line":107,"column":18},"end":{"line":107,"column":40}},{"start":{"line":107,"column":44},"end":{"line":107,"column":48}}],"line":107},"14":{"loc":{"start":{"line":122,"column":27},"end":{"line":122,"column":53}},"type":"binary-expr","locations":[{"start":{"line":122,"column":27},"end":{"line":122,"column":38}},{"start":{"line":122,"column":42},"end":{"line":122,"column":53}}],"line":122},"15":{"loc":{"start":{"line":130,"column":24},"end":{"line":130,"column":83}},"type":"binary-expr","locations":[{"start":{"line":130,"column":24},"end":{"line":130,"column":32}},{"start":{"line":130,"column":36},"end":{"line":130,"column":58}},{"start":{"line":130,"column":62},"end":{"line":130,"column":83}}],"line":130},"16":{"loc":{"start":{"line":131,"column":6},"end":{"line":139,"column":7}},"type":"if","locations":[{"start":{"line":131,"column":6},"end":{"line":139,"column":7}},{"start":{"line":137,"column":13},"end":{"line":139,"column":7}}],"line":131},"17":{"loc":{"start":{"line":133,"column":23},"end":{"line":133,"column":46}},"type":"binary-expr","locations":[{"start":{"line":133,"column":23},"end":{"line":133,"column":41}},{"start":{"line":133,"column":45},"end":{"line":133,"column":46}}],"line":133},"18":{"loc":{"start":{"line":142,"column":21},"end":{"line":142,"column":44}},"type":"binary-expr","locations":[{"start":{"line":142,"column":21},"end":{"line":142,"column":39}},{"start":{"line":142,"column":43},"end":{"line":142,"column":44}}],"line":142},"19":{"loc":{"start":{"line":143,"column":21},"end":{"line":143,"column":45}},"type":"binary-expr","locations":[{"start":{"line":143,"column":21},"end":{"line":143,"column":37}},{"start":{"line":143,"column":41},"end":{"line":143,"column":45}}],"line":143}},"s":{"0":1,"1":5,"2":0,"3":5,"4":0,"5":5,"6":0,"7":5,"8":0,"9":5,"10":5,"11":5,"12":5,"13":5,"14":5,"15":5,"16":1,"17":4,"18":4,"19":2,"20":3,"21":3,"22":3,"23":1,"24":1,"25":1,"26":1,"27":2,"28":2,"29":2,"30":2,"31":2,"32":2,"33":0,"34":2,"35":0,"36":0,"37":2,"38":2,"39":2,"40":2,"41":0,"42":2,"43":2,"44":2,"45":2,"46":2,"47":2,"48":2,"49":2,"50":2,"51":2,"52":2,"53":2,"54":2,"55":2,"56":1,"57":1,"58":1,"59":1,"60":0,"61":1,"62":1},"f":{"0":5,"1":5,"2":2,"3":3,"4":2,"5":2},"b":{"0":[0],"1":[0,5],"2":[0,5],"3":[0,5],"4":[0,5],"5":[5,1],"6":[1,4],"7":[5,4,4],"8":[1,2],"9":[0,2],"10":[2,2],"11":[0,2],"12":[0,2],"13":[2,0],"14":[2,0],"15":[1,1,1],"16":[1,0],"17":[1,1],"18":[1,1],"19":[1,1]},"_coverageSchema":"1a1c01bbd47fc00a2c39e90264f33305004495a9","hash":"866e95d9547faa53934f78eec5e85f47eb237c9b"}
,"C:\\Users\\SUPORTE 61\\Documents\\code\\Disparador_de_Webhooks\\src\\domain\\exceptions\\ConflictException.js": {"path":"C:\\Users\\SUPORTE 61\\Documents\\code\\Disparador_de_Webhooks\\src\\domain\\exceptions\\ConflictException.js","statementMap":{"0":{"start":{"line":10,"column":4},"end":{"line":10,"column":19}},"1":{"start":{"line":11,"column":4},"end":{"line":11,"column":36}},"2":{"start":{"line":12,"column":4},"end":{"line":12,"column":22}},"3":{"start":{"line":13,"column":4},"end":{"line":13,"column":30}}},"fnMap":{"0":{"name":"(anonymous_0)","decl":{"start":{"line":9,"column":2},"end":{"line":9,"column":3}},"loc":{"start":{"line":9,"column":23},"end":{"line":14,"column":3}},"line":9}},"branchMap":{},"s":{"0":0,"1":0,"2":0,"3":0},"f":{"0":0},"b":{},"_coverageSchema":"1a1c01bbd47fc00a2c39e90264f33305004495a9","hash":"0eabf61886a189046d0d79d7eb26867d9a4895bc"}
,"C:\\Users\\SUPORTE 61\\Documents\\code\\Disparador_de_Webhooks\\src\\domain\\exceptions\\InvalidRequestException.js": {"path":"C:\\Users\\SUPORTE 61\\Documents\\code\\Disparador_de_Webhooks\\src\\domain\\exceptions\\InvalidRequestException.js","statementMap":{"0":{"start":{"line":3,"column":4},"end":{"line":3,"column":19}},"1":{"start":{"line":4,"column":4},"end":{"line":4,"column":42}}},"fnMap":{"0":{"name":"(anonymous_0)","decl":{"start":{"line":2,"column":2},"end":{"line":2,"column":3}},"loc":{"start":{"line":2,"column":47},"end":{"line":5,"column":3}},"line":2}},"branchMap":{"0":{"loc":{"start":{"line":2,"column":14},"end":{"line":2,"column":45}},"type":"default-arg","locations":[{"start":{"line":2,"column":24},"end":{"line":2,"column":45}}],"line":2}},"s":{"0":5,"1":5},"f":{"0":5},"b":{"0":[0]},"_coverageSchema":"1a1c01bbd47fc00a2c39e90264f33305004495a9","hash":"49a6d3403dd67672d2497fa3f78767a70a8c83da"}
,"C:\\Users\\SUPORTE 61\\Documents\\code\\Disparador_de_Webhooks\\src\\domain\\exceptions\\ProtocoloNaoEncontradoException.js": {"path":"C:\\Users\\SUPORTE 61\\Documents\\code\\Disparador_de_Webhooks\\src\\domain\\exceptions\\ProtocoloNaoEncontradoException.js","statementMap":{"0":{"start":{"line":9,"column":4},"end":{"line":9,"column":19}},"1":{"start":{"line":10,"column":4},"end":{"line":10,"column":50}},"2":{"start":{"line":11,"column":4},"end":{"line":11,"column":22}}},"fnMap":{"0":{"name":"(anonymous_0)","decl":{"start":{"line":8,"column":2},"end":{"line":8,"column":3}},"loc":{"start":{"line":8,"column":23},"end":{"line":12,"column":3}},"line":8}},"branchMap":{},"s":{"0":1,"1":1,"2":1},"f":{"0":1},"b":{},"_coverageSchema":"1a1c01bbd47fc00a2c39e90264f33305004495a9","hash":"40c8065e25c009843eab9786f3a22a6770062b25"}
,"C:\\Users\\SUPORTE 61\\Documents\\code\\Disparador_de_Webhooks\\src\\domain\\exceptions\\UnprocessableEntityException.js": {"path":"C:\\Users\\SUPORTE 61\\Documents\\code\\Disparador_de_Webhooks\\src\\domain\\exceptions\\UnprocessableEntityException.js","statementMap":{"0":{"start":{"line":4,"column":4},"end":{"line":4,"column":19}},"1":{"start":{"line":5,"column":4},"end":{"line":5,"column":36}},"2":{"start":{"line":6,"column":4},"end":{"line":6,"column":22}}},"fnMap":{"0":{"name":"(anonymous_0)","decl":{"start":{"line":3,"column":2},"end":{"line":3,"column":3}},"loc":{"start":{"line":3,"column":23},"end":{"line":7,"column":3}},"line":3}},"branchMap":{},"s":{"0":0,"1":0,"2":0},"f":{"0":0},"b":{},"_coverageSchema":"1a1c01bbd47fc00a2c39e90264f33305004495a9","hash":"8a170d84b4c7635d4f681fa38ace65520ac1b7a8"}
,"C:\\Users\\SUPORTE 61\\Documents\\code\\Disparador_de_Webhooks\\src\\infrastructure\\cache\\redis\\RedisCacheRepository.js": {"path":"C:\\Users\\SUPORTE 61\\Documents\\code\\Disparador_de_Webhooks\\src\\infrastructure\\cache\\redis\\RedisCacheRepository.js","statementMap":{"0":{"start":{"line":8,"column":4},"end":{"line":21,"column":5}},"1":{"start":{"line":9,"column":6},"end":{"line":14,"column":9}},"2":{"start":{"line":16,"column":6},"end":{"line":16,"column":85}},"3":{"start":{"line":16,"column":38},"end":{"line":16,"column":83}},"4":{"start":{"line":17,"column":6},"end":{"line":17,"column":91}},"5":{"start":{"line":17,"column":36},"end":{"line":17,"column":89}},"6":{"start":{"line":18,"column":6},"end":{"line":18,"column":93}},"7":{"start":{"line":18,"column":39},"end":{"line":18,"column":91}},"8":{"start":{"line":20,"column":6},"end":{"line":20,"column":74}},"9":{"start":{"line":25,"column":4},"end":{"line":25,"column":34}},"10":{"start":{"line":25,"column":22},"end":{"line":25,"column":34}},"11":{"start":{"line":26,"column":4},"end":{"line":26,"column":32}},"12":{"start":{"line":30,"column":4},"end":{"line":30,"column":29}},"13":{"start":{"line":30,"column":22},"end":{"line":30,"column":29}},"14":{"start":{"line":31,"column":20},"end":{"line":31,"column":27}},"15":{"start":{"line":32,"column":4},"end":{"line":35,"column":5}},"16":{"start":{"line":34,"column":6},"end":{"line":34,"column":52}},"17":{"start":{"line":36,"column":4},"end":{"line":36,"column":39}},"18":{"start":{"line":40,"column":4},"end":{"line":46,"column":5}},"19":{"start":{"line":41,"column":6},"end":{"line":41,"column":55}},"20":{"start":{"line":43,"column":6},"end":{"line":43,"column":31}},"21":{"start":{"line":44,"column":6},"end":{"line":44,"column":63}},"22":{"start":{"line":45,"column":6},"end":{"line":45,"column":25}},"23":{"start":{"line":52,"column":17},"end":{"line":52,"column":43}}},"fnMap":{"0":{"name":"(anonymous_0)","decl":{"start":{"line":7,"column":2},"end":{"line":7,"column":3}},"loc":{"start":{"line":7,"column":16},"end":{"line":22,"column":3}},"line":7},"1":{"name":"(anonymous_1)","decl":{"start":{"line":16,"column":32},"end":{"line":16,"column":33}},"loc":{"start":{"line":16,"column":38},"end":{"line":16,"column":83}},"line":16},"2":{"name":"(anonymous_2)","decl":{"start":{"line":17,"column":30},"end":{"line":17,"column":31}},"loc":{"start":{"line":17,"column":36},"end":{"line":17,"column":89}},"line":17},"3":{"name":"(anonymous_3)","decl":{"start":{"line":18,"column":30},"end":{"line":18,"column":31}},"loc":{"start":{"line":18,"column":39},"end":{"line":18,"column":91}},"line":18},"4":{"name":"(anonymous_4)","decl":{"start":{"line":24,"column":2},"end":{"line":24,"column":3}},"loc":{"start":{"line":24,"column":17},"end":{"line":27,"column":3}},"line":24},"5":{"name":"(anonymous_5)","decl":{"start":{"line":29,"column":2},"end":{"line":29,"column":3}},"loc":{"start":{"line":29,"column":38},"end":{"line":37,"column":3}},"line":29},"6":{"name":"(anonymous_6)","decl":{"start":{"line":39,"column":2},"end":{"line":39,"column":3}},"loc":{"start":{"line":39,"column":21},"end":{"line":47,"column":3}},"line":39}},"branchMap":{"0":{"loc":{"start":{"line":10,"column":14},"end":{"line":10,"column":51}},"type":"binary-expr","locations":[{"start":{"line":10,"column":14},"end":{"line":10,"column":36}},{"start":{"line":10,"column":40},"end":{"line":10,"column":51}}],"line":10},"1":{"loc":{"start":{"line":11,"column":14},"end":{"line":11,"column":44}},"type":"binary-expr","locations":[{"start":{"line":11,"column":14},"end":{"line":11,"column":36}},{"start":{"line":11,"column":40},"end":{"line":11,"column":44}}],"line":11},"2":{"loc":{"start":{"line":12,"column":12},"end":{"line":12,"column":37}},"type":"binary-expr","locations":[{"start":{"line":12,"column":12},"end":{"line":12,"column":32}},{"start":{"line":12,"column":36},"end":{"line":12,"column":37}}],"line":12},"3":{"loc":{"start":{"line":25,"column":4},"end":{"line":25,"column":34}},"type":"if","locations":[{"start":{"line":25,"column":4},"end":{"line":25,"column":34}},{"start":{},"end":{}}],"line":25},"4":{"loc":{"start":{"line":29,"column":24},"end":{"line":29,"column":36}},"type":"default-arg","locations":[{"start":{"line":29,"column":34},"end":{"line":29,"column":36}}],"line":29},"5":{"loc":{"start":{"line":30,"column":4},"end":{"line":30,"column":29}},"type":"if","locations":[{"start":{"line":30,"column":4},"end":{"line":30,"column":29}},{"start":{},"end":{}}],"line":30},"6":{"loc":{"start":{"line":32,"column":4},"end":{"line":35,"column":5}},"type":"if","locations":[{"start":{"line":32,"column":4},"end":{"line":35,"column":5}},{"start":{},"end":{}}],"line":32},"7":{"loc":{"start":{"line":40,"column":4},"end":{"line":46,"column":5}},"type":"if","locations":[{"start":{"line":40,"column":4},"end":{"line":46,"column":5}},{"start":{},"end":{}}],"line":40}},"s":{"0":12,"1":12,"2":12,"3":0,"4":12,"5":0,"6":12,"7":0,"8":0,"9":0,"10":0,"11":0,"12":0,"13":0,"14":0,"15":0,"16":0,"17":0,"18":12,"19":12,"20":12,"21":12,"22":12,"23":12},"f":{"0":12,"1":0,"2":0,"3":0,"4":0,"5":0,"6":12},"b":{"0":[12,0],"1":[12,0],"2":[12,12],"3":[0,0],"4":[0],"5":[0,0],"6":[0,0],"7":[12,0]},"_coverageSchema":"1a1c01bbd47fc00a2c39e90264f33305004495a9","hash":"b018ba80a9b9a2ae721d67436d5d65d27e45b399"}
,"C:\\Users\\SUPORTE 61\\Documents\\code\\Disparador_de_Webhooks\\src\\infrastructure\\database\\sequelize\\config\\config.cjs": {"path":"C:\\Users\\SUPORTE 61\\Documents\\code\\Disparador_de_Webhooks\\src\\infrastructure\\database\\sequelize\\config\\config.cjs","statementMap":{"0":{"start":{"line":1,"column":13},"end":{"line":1,"column":28}},"1":{"start":{"line":6,"column":12},"end":{"line":6,"column":49}},"2":{"start":{"line":7,"column":16},"end":{"line":7,"column":53}},"3":{"start":{"line":10,"column":0},"end":{"line":10,"column":73}},"4":{"start":{"line":13,"column":0},"end":{"line":13,"column":61}},"5":{"start":{"line":14,"column":0},"end":{"line":14,"column":45}},"6":{"start":{"line":15,"column":0},"end":{"line":15,"column":45}},"7":{"start":{"line":16,"column":0},"end":{"line":16,"column":53}},"8":{"start":{"line":17,"column":0},"end":{"line":17,"column":53}},"9":{"start":{"line":18,"column":0},"end":{"line":18,"column":57}},"10":{"start":{"line":20,"column":16},"end":{"line":20,"column":72}},"11":{"start":{"line":22,"column":0},"end":{"line":50,"column":2}}},"fnMap":{},"branchMap":{"0":{"loc":{"start":{"line":6,"column":12},"end":{"line":6,"column":49}},"type":"binary-expr","locations":[{"start":{"line":6,"column":12},"end":{"line":6,"column":32}},{"start":{"line":6,"column":36},"end":{"line":6,"column":49}}],"line":6},"1":{"loc":{"start":{"line":7,"column":16},"end":{"line":7,"column":53}},"type":"cond-expr","locations":[{"start":{"line":7,"column":33},"end":{"line":7,"column":44}},{"start":{"line":7,"column":47},"end":{"line":7,"column":53}}],"line":7},"2":{"loc":{"start":{"line":20,"column":16},"end":{"line":20,"column":72}},"type":"cond-expr","locations":[{"start":{"line":20,"column":38},"end":{"line":20,"column":65}},{"start":{"line":20,"column":68},"end":{"line":20,"column":72}}],"line":20},"3":{"loc":{"start":{"line":24,"column":14},"end":{"line":24,"column":51}},"type":"binary-expr","locations":[{"start":{"line":24,"column":14},"end":{"line":24,"column":37}},{"start":{"line":24,"column":41},"end":{"line":24,"column":51}}],"line":24},"4":{"loc":{"start":{"line":25,"column":14},"end":{"line":25,"column":51}},"type":"binary-expr","locations":[{"start":{"line":25,"column":14},"end":{"line":25,"column":37}},{"start":{"line":25,"column":41},"end":{"line":25,"column":51}}],"line":25},"5":{"loc":{"start":{"line":26,"column":14},"end":{"line":26,"column":58}},"type":"binary-expr","locations":[{"start":{"line":26,"column":14},"end":{"line":26,"column":37}},{"start":{"line":26,"column":41},"end":{"line":26,"column":58}}],"line":26},"6":{"loc":{"start":{"line":27,"column":10},"end":{"line":27,"column":44}},"type":"binary-expr","locations":[{"start":{"line":27,"column":10},"end":{"line":27,"column":29}},{"start":{"line":27,"column":33},"end":{"line":27,"column":44}}],"line":27},"7":{"loc":{"start":{"line":37,"column":14},"end":{"line":37,"column":51}},"type":"binary-expr","locations":[{"start":{"line":37,"column":14},"end":{"line":37,"column":37}},{"start":{"line":37,"column":41},"end":{"line":37,"column":51}}],"line":37},"8":{"loc":{"start":{"line":38,"column":14},"end":{"line":38,"column":51}},"type":"binary-expr","locations":[{"start":{"line":38,"column":14},"end":{"line":38,"column":37}},{"start":{"line":38,"column":41},"end":{"line":38,"column":51}}],"line":38},"9":{"loc":{"start":{"line":39,"column":14},"end":{"line":39,"column":58}},"type":"binary-expr","locations":[{"start":{"line":39,"column":14},"end":{"line":39,"column":37}},{"start":{"line":39,"column":41},"end":{"line":39,"column":58}}],"line":39},"10":{"loc":{"start":{"line":40,"column":10},"end":{"line":40,"column":44}},"type":"binary-expr","locations":[{"start":{"line":40,"column":10},"end":{"line":40,"column":29}},{"start":{"line":40,"column":33},"end":{"line":40,"column":44}}],"line":40}},"s":{"0":12,"1":12,"2":12,"3":12,"4":12,"5":12,"6":12,"7":12,"8":12,"9":12,"10":12,"11":12},"f":{},"b":{"0":[12,0],"1":[12,0],"2":[12,0],"3":[12,0],"4":[12,0],"5":[12,0],"6":[12,0],"7":[12,0],"8":[12,0],"9":[12,0],"10":[12,0]},"inputSourceMap":null,"_coverageSchema":"1a1c01bbd47fc00a2c39e90264f33305004495a9","hash":"582f85376928949fd38bfcb3aeb42372db21c361"}
,"C:\\Users\\SUPORTE 61\\Documents\\code\\Disparador_de_Webhooks\\src\\infrastructure\\database\\sequelize\\models\\CedenteModel.cjs": {"path":"C:\\Users\\SUPORTE 61\\Documents\\code\\Disparador_de_Webhooks\\src\\infrastructure\\database\\sequelize\\models\\CedenteModel.cjs","statementMap":{"0":{"start":{"line":3,"column":18},"end":{"line":3,"column":38}},"1":{"start":{"line":5,"column":0},"end":{"line":55,"column":2}},"2":{"start":{"line":8,"column":6},"end":{"line":8,"column":101}},"3":{"start":{"line":9,"column":6},"end":{"line":9,"column":77}},"4":{"start":{"line":13,"column":2},"end":{"line":52,"column":5}},"5":{"start":{"line":54,"column":2},"end":{"line":54,"column":17}}},"fnMap":{"0":{"name":"(anonymous_0)","decl":{"start":{"line":5,"column":17},"end":{"line":5,"column":18}},"loc":{"start":{"line":5,"column":43},"end":{"line":55,"column":1}},"line":5},"1":{"name":"(anonymous_1)","decl":{"start":{"line":7,"column":4},"end":{"line":7,"column":5}},"loc":{"start":{"line":7,"column":29},"end":{"line":10,"column":5}},"line":7}},"branchMap":{},"s":{"0":12,"1":12,"2":12,"3":12,"4":12,"5":12},"f":{"0":12,"1":12},"b":{},"inputSourceMap":null,"_coverageSchema":"1a1c01bbd47fc00a2c39e90264f33305004495a9","hash":"cd32718201c148d20556af2c71bda1f24f125951"}
,"C:\\Users\\SUPORTE 61\\Documents\\code\\Disparador_de_Webhooks\\src\\infrastructure\\database\\sequelize\\models\\ContaModel.cjs": {"path":"C:\\Users\\SUPORTE 61\\Documents\\code\\Disparador_de_Webhooks\\src\\infrastructure\\database\\sequelize\\models\\ContaModel.cjs","statementMap":{"0":{"start":{"line":3,"column":18},"end":{"line":3,"column":38}},"1":{"start":{"line":5,"column":0},"end":{"line":30,"column":2}},"2":{"start":{"line":8,"column":12},"end":{"line":8,"column":88}},"3":{"start":{"line":9,"column":12},"end":{"line":9,"column":87}},"4":{"start":{"line":12,"column":4},"end":{"line":28,"column":7}},"5":{"start":{"line":29,"column":4},"end":{"line":29,"column":17}}},"fnMap":{"0":{"name":"(anonymous_0)","decl":{"start":{"line":5,"column":17},"end":{"line":5,"column":18}},"loc":{"start":{"line":5,"column":43},"end":{"line":30,"column":1}},"line":5},"1":{"name":"(anonymous_1)","decl":{"start":{"line":7,"column":8},"end":{"line":7,"column":9}},"loc":{"start":{"line":7,"column":33},"end":{"line":10,"column":9}},"line":7}},"branchMap":{},"s":{"0":12,"1":12,"2":12,"3":12,"4":12,"5":12},"f":{"0":12,"1":12},"b":{},"inputSourceMap":null,"_coverageSchema":"1a1c01bbd47fc00a2c39e90264f33305004495a9","hash":"5d2cc48ad8ad6ad3f11bac782d02788c8b0552f1"}
,"C:\\Users\\SUPORTE 61\\Documents\\code\\Disparador_de_Webhooks\\src\\infrastructure\\database\\sequelize\\models\\ConvenioModel.cjs": {"path":"C:\\Users\\SUPORTE 61\\Documents\\code\\Disparador_de_Webhooks\\src\\infrastructure\\database\\sequelize\\models\\ConvenioModel.cjs","statementMap":{"0":{"start":{"line":3,"column":18},"end":{"line":3,"column":38}},"1":{"start":{"line":5,"column":0},"end":{"line":26,"column":2}},"2":{"start":{"line":8,"column":6},"end":{"line":8,"column":76}},"3":{"start":{"line":11,"column":2},"end":{"line":24,"column":5}},"4":{"start":{"line":25,"column":2},"end":{"line":25,"column":18}}},"fnMap":{"0":{"name":"(anonymous_0)","decl":{"start":{"line":5,"column":17},"end":{"line":5,"column":18}},"loc":{"start":{"line":5,"column":43},"end":{"line":26,"column":1}},"line":5},"1":{"name":"(anonymous_1)","decl":{"start":{"line":7,"column":4},"end":{"line":7,"column":5}},"loc":{"start":{"line":7,"column":29},"end":{"line":9,"column":5}},"line":7}},"branchMap":{},"s":{"0":12,"1":12,"2":12,"3":12,"4":12},"f":{"0":12,"1":12},"b":{},"inputSourceMap":null,"_coverageSchema":"1a1c01bbd47fc00a2c39e90264f33305004495a9","hash":"af36a9ded3ac25faf785864ba96517358658d362"}
,"C:\\Users\\SUPORTE 61\\Documents\\code\\Disparador_de_Webhooks\\src\\infrastructure\\database\\sequelize\\models\\ServicoModel.cjs": {"path":"C:\\Users\\SUPORTE 61\\Documents\\code\\Disparador_de_Webhooks\\src\\infrastructure\\database\\sequelize\\models\\ServicoModel.cjs","statementMap":{"0":{"start":{"line":2,"column":18},"end":{"line":2,"column":38}},"1":{"start":{"line":4,"column":0},"end":{"line":37,"column":2}},"2":{"start":{"line":7,"column":6},"end":{"line":7,"column":85}},"3":{"start":{"line":10,"column":2},"end":{"line":35,"column":5}},"4":{"start":{"line":36,"column":2},"end":{"line":36,"column":17}}},"fnMap":{"0":{"name":"(anonymous_0)","decl":{"start":{"line":4,"column":17},"end":{"line":4,"column":18}},"loc":{"start":{"line":4,"column":43},"end":{"line":37,"column":1}},"line":4},"1":{"name":"(anonymous_1)","decl":{"start":{"line":6,"column":4},"end":{"line":6,"column":5}},"loc":{"start":{"line":6,"column":29},"end":{"line":8,"column":5}},"line":6}},"branchMap":{},"s":{"0":12,"1":12,"2":12,"3":12,"4":12},"f":{"0":12,"1":12},"b":{},"inputSourceMap":null,"_coverageSchema":"1a1c01bbd47fc00a2c39e90264f33305004495a9","hash":"3f2364322976a9e92935833f0f7bbf1884738825"}
,"C:\\Users\\SUPORTE 61\\Documents\\code\\Disparador_de_Webhooks\\src\\infrastructure\\database\\sequelize\\models\\SoftwareHouseModel.cjs": {"path":"C:\\Users\\SUPORTE 61\\Documents\\code\\Disparador_de_Webhooks\\src\\infrastructure\\database\\sequelize\\models\\SoftwareHouseModel.cjs","statementMap":{"0":{"start":{"line":2,"column":18},"end":{"line":2,"column":38}},"1":{"start":{"line":4,"column":0},"end":{"line":41,"column":2}},"2":{"start":{"line":9,"column":2},"end":{"line":39,"column":5}},"3":{"start":{"line":40,"column":2},"end":{"line":40,"column":23}}},"fnMap":{"0":{"name":"(anonymous_0)","decl":{"start":{"line":4,"column":17},"end":{"line":4,"column":18}},"loc":{"start":{"line":4,"column":43},"end":{"line":41,"column":1}},"line":4},"1":{"name":"(anonymous_1)","decl":{"start":{"line":6,"column":4},"end":{"line":6,"column":5}},"loc":{"start":{"line":6,"column":29},"end":{"line":7,"column":5}},"line":6}},"branchMap":{},"s":{"0":12,"1":12,"2":12,"3":12},"f":{"0":12,"1":12},"b":{},"inputSourceMap":null,"_coverageSchema":"1a1c01bbd47fc00a2c39e90264f33305004495a9","hash":"c5af9b959050a9bf0ebaf967115f2caa2469cc35"}
,"C:\\Users\\SUPORTE 61\\Documents\\code\\Disparador_de_Webhooks\\src\\infrastructure\\database\\sequelize\\models\\WebhookModel.cjs": {"path":"C:\\Users\\SUPORTE 61\\Documents\\code\\Disparador_de_Webhooks\\src\\infrastructure\\database\\sequelize\\models\\WebhookModel.cjs","statementMap":{"0":{"start":{"line":2,"column":18},"end":{"line":2,"column":38}},"1":{"start":{"line":4,"column":0},"end":{"line":52,"column":2}},"2":{"start":{"line":7,"column":6},"end":{"line":7,"column":82}},"3":{"start":{"line":11,"column":2},"end":{"line":49,"column":5}},"4":{"start":{"line":51,"column":2},"end":{"line":51,"column":17}}},"fnMap":{"0":{"name":"(anonymous_0)","decl":{"start":{"line":4,"column":17},"end":{"line":4,"column":18}},"loc":{"start":{"line":4,"column":43},"end":{"line":52,"column":1}},"line":4},"1":{"name":"(anonymous_1)","decl":{"start":{"line":6,"column":4},"end":{"line":6,"column":5}},"loc":{"start":{"line":6,"column":29},"end":{"line":8,"column":5}},"line":6}},"branchMap":{},"s":{"0":12,"1":12,"2":12,"3":12,"4":12},"f":{"0":12,"1":12},"b":{},"inputSourceMap":null,"_coverageSchema":"1a1c01bbd47fc00a2c39e90264f33305004495a9","hash":"af07bdc3f3c08e265aa80f0e1f046f802183e4f5"}
,"C:\\Users\\SUPORTE 61\\Documents\\code\\Disparador_de_Webhooks\\src\\infrastructure\\database\\sequelize\\models\\WebhookReprocessadoModel.cjs": {"path":"C:\\Users\\SUPORTE 61\\Documents\\code\\Disparador_de_Webhooks\\src\\infrastructure\\database\\sequelize\\models\\WebhookReprocessadoModel.cjs","statementMap":{"0":{"start":{"line":3,"column":18},"end":{"line":3,"column":38}},"1":{"start":{"line":5,"column":0},"end":{"line":71,"column":2}},"2":{"start":{"line":8,"column":6},"end":{"line":8,"column":82}},"3":{"start":{"line":12,"column":2},"end":{"line":68,"column":5}},"4":{"start":{"line":70,"column":2},"end":{"line":70,"column":29}}},"fnMap":{"0":{"name":"(anonymous_0)","decl":{"start":{"line":5,"column":17},"end":{"line":5,"column":18}},"loc":{"start":{"line":5,"column":43},"end":{"line":71,"column":1}},"line":5},"1":{"name":"(anonymous_1)","decl":{"start":{"line":7,"column":4},"end":{"line":7,"column":5}},"loc":{"start":{"line":7,"column":29},"end":{"line":9,"column":5}},"line":7}},"branchMap":{},"s":{"0":12,"1":12,"2":12,"3":12,"4":12},"f":{"0":12,"1":12},"b":{},"inputSourceMap":null,"_coverageSchema":"1a1c01bbd47fc00a2c39e90264f33305004495a9","hash":"b5562bef5d274f69748f04070f82b1d6536b8696"}
,"C:\\Users\\SUPORTE 61\\Documents\\code\\Disparador_de_Webhooks\\src\\infrastructure\\database\\sequelize\\models\\index.cjs": {"path":"C:\\Users\\SUPORTE 61\\Documents\\code\\Disparador_de_Webhooks\\src\\infrastructure\\database\\sequelize\\models\\index.cjs","statementMap":{"0":{"start":{"line":3,"column":0},"end":{"line":3,"column":27}},"1":{"start":{"line":4,"column":24},"end":{"line":4,"column":44}},"2":{"start":{"line":5,"column":18},"end":{"line":5,"column":43}},"3":{"start":{"line":6,"column":13},"end":{"line":6,"column":28}},"4":{"start":{"line":8,"column":12},"end":{"line":8,"column":49}},"5":{"start":{"line":10,"column":19},"end":{"line":10,"column":72}},"6":{"start":{"line":11,"column":15},"end":{"line":11,"column":39}},"7":{"start":{"line":13,"column":0},"end":{"line":16,"column":1}},"8":{"start":{"line":14,"column":2},"end":{"line":14,"column":111}},"9":{"start":{"line":15,"column":2},"end":{"line":15,"column":18}},"10":{"start":{"line":18,"column":0},"end":{"line":18,"column":115}},"11":{"start":{"line":23,"column":18},"end":{"line":23,"column":90}},"12":{"start":{"line":26,"column":15},"end":{"line":26,"column":17}},"13":{"start":{"line":28,"column":0},"end":{"line":51,"column":1}},"14":{"start":{"line":29,"column":18},"end":{"line":29,"column":85}},"15":{"start":{"line":30,"column":24},"end":{"line":30,"column":97}},"16":{"start":{"line":31,"column":16},"end":{"line":31,"column":81}},"17":{"start":{"line":32,"column":19},"end":{"line":32,"column":87}},"18":{"start":{"line":33,"column":23},"end":{"line":33,"column":90}},"19":{"start":{"line":34,"column":30},"end":{"line":34,"column":109}},"20":{"start":{"line":36,"column":18},"end":{"line":36,"column":85}},"21":{"start":{"line":38,"column":2},"end":{"line":38,"column":51}},"22":{"start":{"line":39,"column":2},"end":{"line":39,"column":37}},"23":{"start":{"line":40,"column":2},"end":{"line":40,"column":29}},"24":{"start":{"line":41,"column":2},"end":{"line":41,"column":23}},"25":{"start":{"line":42,"column":2},"end":{"line":42,"column":27}},"26":{"start":{"line":43,"column":2},"end":{"line":43,"column":39}},"27":{"start":{"line":44,"column":2},"end":{"line":44,"column":27}},"28":{"start":{"line":47,"column":2},"end":{"line":50,"column":4}},"29":{"start":{"line":53,"column":0},"end":{"line":58,"column":3}},"30":{"start":{"line":54,"column":2},"end":{"line":57,"column":3}},"31":{"start":{"line":55,"column":4},"end":{"line":55,"column":62}},"32":{"start":{"line":56,"column":4},"end":{"line":56,"column":40}},"33":{"start":{"line":60,"column":0},"end":{"line":60,"column":50}}},"fnMap":{"0":{"name":"(anonymous_0)","decl":{"start":{"line":53,"column":28},"end":{"line":53,"column":29}},"loc":{"start":{"line":53,"column":41},"end":{"line":58,"column":1}},"line":53}},"branchMap":{"0":{"loc":{"start":{"line":8,"column":12},"end":{"line":8,"column":49}},"type":"binary-expr","locations":[{"start":{"line":8,"column":12},"end":{"line":8,"column":32}},{"start":{"line":8,"column":36},"end":{"line":8,"column":49}}],"line":8},"1":{"loc":{"start":{"line":13,"column":0},"end":{"line":16,"column":1}},"type":"if","locations":[{"start":{"line":13,"column":0},"end":{"line":16,"column":1}},{"start":{},"end":{}}],"line":13},"2":{"loc":{"start":{"line":54,"column":2},"end":{"line":57,"column":3}},"type":"if","locations":[{"start":{"line":54,"column":2},"end":{"line":57,"column":3}},{"start":{},"end":{}}],"line":54}},"s":{"0":12,"1":12,"2":12,"3":12,"4":12,"5":12,"6":12,"7":12,"8":0,"9":0,"10":12,"11":12,"12":12,"13":12,"14":12,"15":12,"16":12,"17":12,"18":12,"19":12,"20":12,"21":12,"22":12,"23":12,"24":12,"25":12,"26":12,"27":12,"28":0,"29":12,"30":84,"31":84,"32":84,"33":12},"f":{"0":84},"b":{"0":[12,0],"1":[0,12],"2":[84,0]},"inputSourceMap":null,"_coverageSchema":"1a1c01bbd47fc00a2c39e90264f33305004495a9","hash":"dd09c277705dbe3d04648c277688fa4e80e3c20a"}
,"C:\\Users\\SUPORTE 61\\Documents\\code\\Disparador_de_Webhooks\\src\\infrastructure\\database\\sequelize\\repositories\\SequelizeWebhookReprocessadoRepository.js": {"path":"C:\\Users\\SUPORTE 61\\Documents\\code\\Disparador_de_Webhooks\\src\\infrastructure\\database\\sequelize\\repositories\\SequelizeWebhookReprocessadoRepository.js","statementMap":{"0":{"start":{"line":5,"column":4},"end":{"line":7,"column":5}},"1":{"start":{"line":6,"column":6},"end":{"line":6,"column":75}},"2":{"start":{"line":8,"column":4},"end":{"line":10,"column":5}},"3":{"start":{"line":9,"column":6},"end":{"line":9,"column":62}},"4":{"start":{"line":11,"column":4},"end":{"line":13,"column":5}},"5":{"start":{"line":12,"column":6},"end":{"line":12,"column":55}},"6":{"start":{"line":14,"column":4},"end":{"line":14,"column":61}},"7":{"start":{"line":15,"column":4},"end":{"line":15,"column":31}},"8":{"start":{"line":16,"column":4},"end":{"line":16,"column":17}},"9":{"start":{"line":20,"column":30},"end":{"line":20,"column":34}},"10":{"start":{"line":22,"column":18},"end":{"line":26,"column":5}},"11":{"start":{"line":28,"column":4},"end":{"line":30,"column":5}},"12":{"start":{"line":29,"column":6},"end":{"line":29,"column":42}},"13":{"start":{"line":31,"column":4},"end":{"line":33,"column":5}},"14":{"start":{"line":32,"column":6},"end":{"line":32,"column":32}},"15":{"start":{"line":34,"column":4},"end":{"line":36,"column":5}},"16":{"start":{"line":35,"column":6},"end":{"line":35,"column":32}},"17":{"start":{"line":38,"column":4},"end":{"line":45,"column":5}},"18":{"start":{"line":39,"column":6},"end":{"line":44,"column":8}},"19":{"start":{"line":47,"column":4},"end":{"line":51,"column":5}},"20":{"start":{"line":48,"column":6},"end":{"line":50,"column":8}},"21":{"start":{"line":53,"column":4},"end":{"line":53,"column":60}},"22":{"start":{"line":57,"column":4},"end":{"line":59,"column":5}},"23":{"start":{"line":58,"column":6},"end":{"line":58,"column":18}},"24":{"start":{"line":60,"column":4},"end":{"line":62,"column":7}},"25":{"start":{"line":66,"column":4},"end":{"line":68,"column":5}},"26":{"start":{"line":67,"column":6},"end":{"line":67,"column":55}},"27":{"start":{"line":69,"column":4},"end":{"line":69,"column":54}}},"fnMap":{"0":{"name":"(anonymous_0)","decl":{"start":{"line":4,"column":2},"end":{"line":4,"column":3}},"loc":{"start":{"line":4,"column":59},"end":{"line":17,"column":3}},"line":4},"1":{"name":"(anonymous_1)","decl":{"start":{"line":19,"column":2},"end":{"line":19,"column":3}},"loc":{"start":{"line":19,"column":67},"end":{"line":54,"column":3}},"line":19},"2":{"name":"(anonymous_2)","decl":{"start":{"line":56,"column":2},"end":{"line":56,"column":3}},"loc":{"start":{"line":56,"column":35},"end":{"line":63,"column":3}},"line":56},"3":{"name":"(anonymous_3)","decl":{"start":{"line":65,"column":2},"end":{"line":65,"column":3}},"loc":{"start":{"line":65,"column":21},"end":{"line":70,"column":3}},"line":65}},"branchMap":{"0":{"loc":{"start":{"line":5,"column":4},"end":{"line":7,"column":5}},"type":"if","locations":[{"start":{"line":5,"column":4},"end":{"line":7,"column":5}},{"start":{},"end":{}}],"line":5},"1":{"loc":{"start":{"line":8,"column":4},"end":{"line":10,"column":5}},"type":"if","locations":[{"start":{"line":8,"column":4},"end":{"line":10,"column":5}},{"start":{},"end":{}}],"line":8},"2":{"loc":{"start":{"line":11,"column":4},"end":{"line":13,"column":5}},"type":"if","locations":[{"start":{"line":11,"column":4},"end":{"line":13,"column":5}},{"start":{},"end":{}}],"line":11},"3":{"loc":{"start":{"line":28,"column":4},"end":{"line":30,"column":5}},"type":"if","locations":[{"start":{"line":28,"column":4},"end":{"line":30,"column":5}},{"start":{},"end":{}}],"line":28},"4":{"loc":{"start":{"line":31,"column":4},"end":{"line":33,"column":5}},"type":"if","locations":[{"start":{"line":31,"column":4},"end":{"line":33,"column":5}},{"start":{},"end":{}}],"line":31},"5":{"loc":{"start":{"line":34,"column":4},"end":{"line":36,"column":5}},"type":"if","locations":[{"start":{"line":34,"column":4},"end":{"line":36,"column":5}},{"start":{},"end":{}}],"line":34},"6":{"loc":{"start":{"line":38,"column":4},"end":{"line":45,"column":5}},"type":"if","locations":[{"start":{"line":38,"column":4},"end":{"line":45,"column":5}},{"start":{},"end":{}}],"line":38},"7":{"loc":{"start":{"line":47,"column":4},"end":{"line":51,"column":5}},"type":"if","locations":[{"start":{"line":47,"column":4},"end":{"line":51,"column":5}},{"start":{},"end":{}}],"line":47},"8":{"loc":{"start":{"line":47,"column":8},"end":{"line":47,"column":72}},"type":"binary-expr","locations":[{"start":{"line":47,"column":8},"end":{"line":47,"column":18}},{"start":{"line":47,"column":22},"end":{"line":47,"column":47}},{"start":{"line":47,"column":51},"end":{"line":47,"column":72}}],"line":47},"9":{"loc":{"start":{"line":57,"column":4},"end":{"line":59,"column":5}},"type":"if","locations":[{"start":{"line":57,"column":4},"end":{"line":59,"column":5}},{"start":{},"end":{}}],"line":57},"10":{"loc":{"start":{"line":66,"column":4},"end":{"line":68,"column":5}},"type":"if","locations":[{"start":{"line":66,"column":4},"end":{"line":68,"column":5}},{"start":{},"end":{}}],"line":66}},"s":{"0":10,"1":0,"2":10,"3":0,"4":10,"5":0,"6":10,"7":10,"8":10,"9":7,"10":7,"11":7,"12":0,"13":7,"14":1,"15":7,"16":1,"17":7,"18":1,"19":7,"20":1,"21":7,"22":2,"23":1,"24":1,"25":2,"26":1,"27":1},"f":{"0":10,"1":7,"2":2,"3":2},"b":{"0":[0,10],"1":[0,10],"2":[0,10],"3":[0,7],"4":[1,6],"5":[1,6],"6":[1,6],"7":[1,6],"8":[7,3,2],"9":[1,1],"10":[1,1]},"_coverageSchema":"1a1c01bbd47fc00a2c39e90264f33305004495a9","hash":"e7dc61e622252ef721c4829772337301e118397e"}
,"C:\\Users\\SUPORTE 61\\Documents\\code\\Disparador_de_Webhooks\\src\\infrastructure\\http\\express\\middlewares\\AuthMiddleware.js": {"path":"C:\\Users\\SUPORTE 61\\Documents\\code\\Disparador_de_Webhooks\\src\\infrastructure\\http\\express\\middlewares\\AuthMiddleware.js","statementMap":{"0":{"start":{"line":7,"column":2},"end":{"line":11,"column":3}},"1":{"start":{"line":8,"column":4},"end":{"line":10,"column":6}},"2":{"start":{"line":13,"column":2},"end":{"line":56,"column":4}},"3":{"start":{"line":14,"column":4},"end":{"line":14,"column":62}},"4":{"start":{"line":16,"column":4},"end":{"line":55,"column":5}},"5":{"start":{"line":17,"column":22},"end":{"line":17,"column":39}},"6":{"start":{"line":18,"column":21},"end":{"line":18,"column":39}},"7":{"start":{"line":19,"column":22},"end":{"line":19,"column":41}},"8":{"start":{"line":20,"column":26},"end":{"line":20,"column":49}},"9":{"start":{"line":21,"column":27},"end":{"line":21,"column":51}},"10":{"start":{"line":23,"column":6},"end":{"line":26,"column":7}},"11":{"start":{"line":24,"column":8},"end":{"line":24,"column":82}},"12":{"start":{"line":25,"column":8},"end":{"line":25,"column":71}},"13":{"start":{"line":28,"column":6},"end":{"line":28,"column":84}},"14":{"start":{"line":29,"column":6},"end":{"line":29,"column":99}},"15":{"start":{"line":31,"column":39},"end":{"line":34,"column":8}},"16":{"start":{"line":36,"column":6},"end":{"line":39,"column":7}},"17":{"start":{"line":37,"column":8},"end":{"line":37,"column":78}},"18":{"start":{"line":38,"column":8},"end":{"line":38,"column":63}},"19":{"start":{"line":41,"column":6},"end":{"line":44,"column":7}},"20":{"start":{"line":42,"column":8},"end":{"line":42,"column":72}},"21":{"start":{"line":43,"column":8},"end":{"line":43,"column":63}},"22":{"start":{"line":46,"column":6},"end":{"line":46,"column":99}},"23":{"start":{"line":47,"column":6},"end":{"line":47,"column":40}},"24":{"start":{"line":48,"column":6},"end":{"line":48,"column":28}},"25":{"start":{"line":50,"column":6},"end":{"line":50,"column":20}},"26":{"start":{"line":53,"column":6},"end":{"line":53,"column":62}},"27":{"start":{"line":54,"column":6},"end":{"line":54,"column":23}}},"fnMap":{"0":{"name":"createAuthMiddleware","decl":{"start":{"line":3,"column":24},"end":{"line":3,"column":44}},"loc":{"start":{"line":6,"column":8},"end":{"line":57,"column":1}},"line":6},"1":{"name":"authMiddleware","decl":{"start":{"line":13,"column":24},"end":{"line":13,"column":38}},"loc":{"start":{"line":13,"column":55},"end":{"line":56,"column":3}},"line":13}},"branchMap":{"0":{"loc":{"start":{"line":3,"column":45},"end":{"line":6,"column":6}},"type":"default-arg","locations":[{"start":{"line":6,"column":4},"end":{"line":6,"column":6}}],"line":3},"1":{"loc":{"start":{"line":7,"column":2},"end":{"line":11,"column":3}},"type":"if","locations":[{"start":{"line":7,"column":2},"end":{"line":11,"column":3}},{"start":{},"end":{}}],"line":7},"2":{"loc":{"start":{"line":7,"column":6},"end":{"line":7,"column":52}},"type":"binary-expr","locations":[{"start":{"line":7,"column":6},"end":{"line":7,"column":24}},{"start":{"line":7,"column":28},"end":{"line":7,"column":52}}],"line":7},"3":{"loc":{"start":{"line":17,"column":22},"end":{"line":17,"column":39}},"type":"binary-expr","locations":[{"start":{"line":17,"column":22},"end":{"line":17,"column":33}},{"start":{"line":17,"column":37},"end":{"line":17,"column":39}}],"line":17},"4":{"loc":{"start":{"line":23,"column":6},"end":{"line":26,"column":7}},"type":"if","locations":[{"start":{"line":23,"column":6},"end":{"line":26,"column":7}},{"start":{},"end":{}}],"line":23},"5":{"loc":{"start":{"line":23,"column":10},"end":{"line":23,"column":62}},"type":"binary-expr","locations":[{"start":{"line":23,"column":10},"end":{"line":23,"column":17}},{"start":{"line":23,"column":21},"end":{"line":23,"column":29}},{"start":{"line":23,"column":33},"end":{"line":23,"column":45}},{"start":{"line":23,"column":49},"end":{"line":23,"column":62}}],"line":23},"6":{"loc":{"start":{"line":36,"column":6},"end":{"line":39,"column":7}},"type":"if","locations":[{"start":{"line":36,"column":6},"end":{"line":39,"column":7}},{"start":{},"end":{}}],"line":36},"7":{"loc":{"start":{"line":41,"column":6},"end":{"line":44,"column":7}},"type":"if","locations":[{"start":{"line":41,"column":6},"end":{"line":44,"column":7}},{"start":{},"end":{}}],"line":41}},"s":{"0":1,"1":0,"2":1,"3":1,"4":1,"5":1,"6":1,"7":1,"8":1,"9":1,"10":1,"11":1,"12":1,"13":0,"14":0,"15":0,"16":0,"17":0,"18":0,"19":0,"20":0,"21":0,"22":0,"23":0,"24":0,"25":0,"26":0,"27":0},"f":{"0":1,"1":1},"b":{"0":[0],"1":[0,1],"2":[1,1],"3":[1,0],"4":[1,0],"5":[1,0,0,0],"6":[0,0],"7":[0,0]},"_coverageSchema":"1a1c01bbd47fc00a2c39e90264f33305004495a9","hash":"558fd854b03d56a102ef7674b1bf29e1b26c5d15"}
,"C:\\Users\\SUPORTE 61\\Documents\\code\\Disparador_de_Webhooks\\src\\services\\notificationConfigResolver.js": {"path":"C:\\Users\\SUPORTE 61\\Documents\\code\\Disparador_de_Webhooks\\src\\services\\notificationConfigResolver.js","statementMap":{"0":{"start":{"line":1,"column":23},"end":{"line":4,"column":5}},"1":{"start":{"line":8,"column":19},"end":{"line":8,"column":50}},"2":{"start":{"line":10,"column":2},"end":{"line":12,"column":5}},"3":{"start":{"line":11,"column":8},"end":{"line":11,"column":46}},"4":{"start":{"line":14,"column":2},"end":{"line":16,"column":3}},"5":{"start":{"line":15,"column":6},"end":{"line":15,"column":46}},"6":{"start":{"line":18,"column":2},"end":{"line":18,"column":18}}},"fnMap":{"0":{"name":"resolveNotificationConfig","decl":{"start":{"line":6,"column":16},"end":{"line":6,"column":41}},"loc":{"start":{"line":6,"column":82},"end":{"line":19,"column":1}},"line":6}},"branchMap":{"0":{"loc":{"start":{"line":6,"column":42},"end":{"line":6,"column":80}},"type":"default-arg","locations":[{"start":{"line":6,"column":78},"end":{"line":6,"column":80}}],"line":6},"1":{"loc":{"start":{"line":8,"column":19},"end":{"line":8,"column":50}},"type":"binary-expr","locations":[{"start":{"line":8,"column":19},"end":{"line":8,"column":32}},{"start":{"line":8,"column":36},"end":{"line":8,"column":50}}],"line":8},"2":{"loc":{"start":{"line":10,"column":2},"end":{"line":12,"column":5}},"type":"if","locations":[{"start":{"line":10,"column":2},"end":{"line":12,"column":5}},{"start":{},"end":{}}],"line":10},"3":{"loc":{"start":{"line":10,"column":6},"end":{"line":10,"column":45}},"type":"binary-expr","locations":[{"start":{"line":10,"column":6},"end":{"line":10,"column":11}},{"start":{"line":10,"column":15},"end":{"line":10,"column":45}}],"line":10},"4":{"loc":{"start":{"line":14,"column":2},"end":{"line":16,"column":3}},"type":"if","locations":[{"start":{"line":14,"column":2},"end":{"line":16,"column":3}},{"start":{},"end":{}}],"line":14},"5":{"loc":{"start":{"line":14,"column":6},"end":{"line":14,"column":49}},"type":"binary-expr","locations":[{"start":{"line":14,"column":6},"end":{"line":14,"column":13}},{"start":{"line":14,"column":17},"end":{"line":14,"column":49}}],"line":14}},"s":{"0":2,"1":5,"2":5,"3":1,"4":4,"5":3,"6":1},"f":{"0":5},"b":{"0":[0],"1":[5,5],"2":[1,4],"3":[5,2],"4":[3,1],"5":[4,3]},"_coverageSchema":"1a1c01bbd47fc00a2c39e90264f33305004495a9","hash":"4ae24374b2e45b8b48d9a74369d45a11efc22707"}
}
