TN:
SF:src\application\dtos\ReenviarWebhookInput.js
FN:7,(anonymous_0)
FN:14,(anonymous_1)
FN:55,(anonymous_2)
FNF:3
FNH:0
FNDA:0,(anonymous_0)
FNDA:0,(anonymous_1)
FNDA:0,(anonymous_2)
DA:8,0
DA:9,0
DA:10,0
DA:11,0
DA:15,0
DA:52,0
DA:54,0
DA:55,0
DA:56,0
DA:57,0
DA:58,0
DA:61,0
LF:12
LH:0
BRDA:54,0,0,0
BRDA:54,0,1,0
BRF:2
BRH:0
end_of_record
TN:
SF:src\application\useCases\ConsultarProtocoloUseCase.js
FN:10,(anonymous_0)
FN:21,(anonymous_1)
FNF:2
FNH:2
FNDA:3,(anonymous_0)
FNDA:3,(anonymous_1)
DA:11,3
DA:12,0
DA:14,3
DA:15,0
DA:17,3
DA:18,3
DA:22,3
DA:25,3
DA:26,3
DA:27,3
DA:28,1
DA:29,1
DA:32,0
DA:35,2
DA:38,2
DA:39,2
DA:40,1
DA:44,1
DA:45,1
DA:46,1
DA:48,0
DA:51,0
DA:54,1
LF:23
LH:18
BRDA:11,0,0,0
BRDA:11,0,1,3
BRDA:14,1,0,0
BRDA:14,1,1,3
BRDA:27,2,0,1
BRDA:27,2,1,2
BRDA:39,3,0,1
BRDA:39,3,1,1
BRDA:44,4,0,1
BRDA:44,4,1,0
BRDA:44,5,0,1
BRDA:44,5,1,1
BRF:12
BRH:9
end_of_record
TN:
SF:src\application\useCases\ListarProtocolosUseCase.js
FN:7,(anonymous_0)
FN:18,(anonymous_1)
FN:50,(anonymous_2)
FN:56,(anonymous_3)
FNF:4
FNH:4
FNDA:12,(anonymous_0)
FNDA:13,(anonymous_1)
FNDA:24,(anonymous_2)
FNDA:8,(anonymous_3)
DA:8,12
DA:9,0
DA:11,12
DA:12,0
DA:14,12
DA:15,12
DA:19,13
DA:21,13
DA:22,2
DA:27,11
DA:29,11
DA:31,11
DA:32,1
DA:35,10
DA:36,1
DA:41,9
DA:42,9
DA:43,1
DA:48,8
DA:50,24
DA:54,8
DA:57,8
DA:58,8
DA:61,8
DA:65,8
DA:67,8
DA:68,1
DA:69,0
DA:70,0
DA:72,0
DA:75,1
DA:80,7
DA:86,7
DA:88,7
LF:34
LH:29
BRDA:8,0,0,0
BRDA:8,0,1,12
BRDA:11,1,0,0
BRDA:11,1,1,12
BRDA:21,2,0,2
BRDA:21,2,1,11
BRDA:21,3,0,13
BRDA:21,3,1,12
BRDA:31,4,0,1
BRDA:31,4,1,10
BRDA:31,5,0,11
BRDA:31,5,1,10
BRDA:35,6,0,1
BRDA:35,6,1,9
BRDA:42,7,0,1
BRDA:42,7,1,8
BRDA:67,8,0,1
BRDA:67,8,1,7
BRDA:68,9,0,0
BRDA:68,9,1,1
BRF:20
BRH:17
end_of_record
TN:
SF:src\application\useCases\ReenviarWebhookUseCase.js
FN:19,(anonymous_0)
FN:36,(anonymous_1)
FN:49,(anonymous_2)
FN:50,(anonymous_3)
FN:93,(anonymous_4)
FN:119,(anonymous_5)
FNF:6
FNH:6
FNDA:5,(anonymous_0)
FNDA:5,(anonymous_1)
FNDA:2,(anonymous_2)
FNDA:3,(anonymous_3)
FNDA:2,(anonymous_4)
FNDA:2,(anonymous_5)
DA:9,1
DA:25,5
DA:26,5
DA:27,5
DA:28,5
DA:30,5
DA:31,5
DA:32,5
DA:33,5
DA:39,5
DA:40,5
DA:42,5
DA:43,1
DA:47,4
DA:49,4
DA:50,3
DA:52,3
DA:53,1
DA:54,1
DA:55,1
DA:56,1
DA:60,2
DA:62,2
DA:66,2
DA:67,2
DA:68,2
DA:69,2
DA:70,0
DA:73,2
DA:74,0
DA:75,0
DA:79,2
DA:80,2
DA:82,2
DA:83,2
DA:84,0
DA:89,2
DA:93,2
DA:94,2
DA:95,2
DA:98,2
DA:101,2
DA:102,2
DA:113,2
DA:116,2
DA:121,2
DA:122,2
DA:123,2
DA:124,2
DA:125,2
DA:130,1
DA:131,1
DA:132,1
DA:136,1
DA:138,0
DA:141,1
DA:145,1
LF:57
LH:52
BRDA:19,0,0,0
BRDA:25,1,0,0
BRDA:25,1,1,5
BRDA:26,2,0,0
BRDA:26,2,1,5
BRDA:27,3,0,0
BRDA:27,3,1,5
BRDA:28,4,0,0
BRDA:28,4,1,5
BRDA:39,5,0,5
BRDA:39,5,1,1
BRDA:42,6,0,1
BRDA:42,6,1,4
BRDA:42,7,0,5
BRDA:42,7,1,4
BRDA:42,7,2,4
BRDA:52,8,0,1
BRDA:52,8,1,2
BRDA:69,9,0,0
BRDA:69,9,1,2
BRDA:69,10,0,2
BRDA:69,10,1,2
BRDA:73,11,0,0
BRDA:73,11,1,2
BRDA:83,12,0,0
BRDA:83,12,1,2
BRDA:107,13,0,2
BRDA:107,13,1,0
BRDA:122,14,0,2
BRDA:122,14,1,0
BRDA:130,15,0,1
BRDA:130,15,1,1
BRDA:130,15,2,1
BRDA:131,16,0,1
BRDA:131,16,1,0
BRDA:133,17,0,1
BRDA:133,17,1,1
BRDA:142,18,0,1
BRDA:142,18,1,1
BRDA:143,19,0,1
BRDA:143,19,1,1
BRF:41
BRH:30
end_of_record
TN:
SF:src\domain\exceptions\ConflictException.js
FN:9,(anonymous_0)
FNF:1
FNH:0
FNDA:0,(anonymous_0)
DA:10,0
DA:11,0
DA:12,0
DA:13,0
LF:4
LH:0
BRF:0
BRH:0
end_of_record
TN:
SF:src\domain\exceptions\InvalidRequestException.js
FN:2,(anonymous_0)
FNF:1
FNH:1
FNDA:5,(anonymous_0)
DA:3,5
DA:4,5
LF:2
LH:2
BRDA:2,0,0,0
BRF:1
BRH:0
end_of_record
TN:
SF:src\domain\exceptions\ProtocoloNaoEncontradoException.js
FN:8,(anonymous_0)
FNF:1
FNH:1
FNDA:1,(anonymous_0)
DA:9,1
DA:10,1
DA:11,1
LF:3
LH:3
BRF:0
BRH:0
end_of_record
TN:
SF:src\domain\exceptions\UnprocessableEntityException.js
FN:3,(anonymous_0)
FNF:1
FNH:0
FNDA:0,(anonymous_0)
DA:4,0
DA:5,0
DA:6,0
LF:3
LH:0
BRF:0
BRH:0
end_of_record
TN:
SF:src\infrastructure\cache\redis\RedisCacheRepository.js
FN:7,(anonymous_0)
FN:16,(anonymous_1)
FN:17,(anonymous_2)
FN:18,(anonymous_3)
FN:24,(anonymous_4)
FN:29,(anonymous_5)
FN:39,(anonymous_6)
FNF:7
FNH:2
FNDA:12,(anonymous_0)
FNDA:0,(anonymous_1)
FNDA:0,(anonymous_2)
FNDA:0,(anonymous_3)
FNDA:0,(anonymous_4)
FNDA:0,(anonymous_5)
FNDA:12,(anonymous_6)
DA:8,12
DA:9,12
DA:16,12
DA:17,12
DA:18,12
DA:20,0
DA:25,0
DA:26,0
DA:30,0
DA:31,0
DA:32,0
DA:34,0
DA:36,0
DA:40,12
DA:41,12
DA:43,12
DA:44,12
DA:45,12
DA:52,12
LF:19
LH:11
BRDA:10,0,0,12
BRDA:10,0,1,0
BRDA:11,1,0,12
BRDA:11,1,1,0
BRDA:12,2,0,12
BRDA:12,2,1,12
BRDA:25,3,0,0
BRDA:25,3,1,0
BRDA:29,4,0,0
BRDA:30,5,0,0
BRDA:30,5,1,0
BRDA:32,6,0,0
BRDA:32,6,1,0
BRDA:40,7,0,12
BRDA:40,7,1,0
BRF:15
BRH:5
end_of_record
TN:
SF:src\infrastructure\database\sequelize\config\config.cjs
FNF:0
FNH:0
DA:1,12
DA:6,12
DA:7,12
DA:10,12
DA:13,12
DA:14,12
DA:15,12
DA:16,12
DA:17,12
DA:18,12
DA:20,12
DA:22,12
LF:12
LH:12
BRDA:6,0,0,12
BRDA:6,0,1,0
BRDA:7,1,0,12
BRDA:7,1,1,0
BRDA:20,2,0,12
BRDA:20,2,1,0
BRDA:24,3,0,12
BRDA:24,3,1,0
BRDA:25,4,0,12
BRDA:25,4,1,0
BRDA:26,5,0,12
BRDA:26,5,1,0
BRDA:27,6,0,12
BRDA:27,6,1,0
BRDA:37,7,0,12
BRDA:37,7,1,0
BRDA:38,8,0,12
BRDA:38,8,1,0
BRDA:39,9,0,12
BRDA:39,9,1,0
BRDA:40,10,0,12
BRDA:40,10,1,0
BRF:22
BRH:11
end_of_record
TN:
SF:src\infrastructure\database\sequelize\models\CedenteModel.cjs
FN:5,(anonymous_0)
FN:7,(anonymous_1)
FNF:2
FNH:2
FNDA:12,(anonymous_0)
FNDA:12,(anonymous_1)
DA:3,12
DA:5,12
DA:8,12
DA:9,12
DA:13,12
DA:54,12
LF:6
LH:6
BRF:0
BRH:0
end_of_record
TN:
SF:src\infrastructure\database\sequelize\models\ContaModel.cjs
FN:5,(anonymous_0)
FN:7,(anonymous_1)
FNF:2
FNH:2
FNDA:12,(anonymous_0)
FNDA:12,(anonymous_1)
DA:3,12
DA:5,12
DA:8,12
DA:9,12
DA:12,12
DA:29,12
LF:6
LH:6
BRF:0
BRH:0
end_of_record
TN:
SF:src\infrastructure\database\sequelize\models\ConvenioModel.cjs
FN:5,(anonymous_0)
FN:7,(anonymous_1)
FNF:2
FNH:2
FNDA:12,(anonymous_0)
FNDA:12,(anonymous_1)
DA:3,12
DA:5,12
DA:8,12
DA:11,12
DA:25,12
LF:5
LH:5
BRF:0
BRH:0
end_of_record
TN:
SF:src\infrastructure\database\sequelize\models\ServicoModel.cjs
FN:4,(anonymous_0)
FN:6,(anonymous_1)
FNF:2
FNH:2
FNDA:12,(anonymous_0)
FNDA:12,(anonymous_1)
DA:2,12
DA:4,12
DA:7,12
DA:10,12
DA:36,12
LF:5
LH:5
BRF:0
BRH:0
end_of_record
TN:
SF:src\infrastructure\database\sequelize\models\SoftwareHouseModel.cjs
FN:4,(anonymous_0)
FN:6,(anonymous_1)
FNF:2
FNH:2
FNDA:12,(anonymous_0)
FNDA:12,(anonymous_1)
DA:2,12
DA:4,12
DA:9,12
DA:40,12
LF:4
LH:4
BRF:0
BRH:0
end_of_record
TN:
SF:src\infrastructure\database\sequelize\models\WebhookModel.cjs
FN:4,(anonymous_0)
FN:6,(anonymous_1)
FNF:2
FNH:2
FNDA:12,(anonymous_0)
FNDA:12,(anonymous_1)
DA:2,12
DA:4,12
DA:7,12
DA:11,12
DA:51,12
LF:5
LH:5
BRF:0
BRH:0
end_of_record
TN:
SF:src\infrastructure\database\sequelize\models\WebhookReprocessadoModel.cjs
FN:5,(anonymous_0)
FN:7,(anonymous_1)
FNF:2
FNH:2
FNDA:12,(anonymous_0)
FNDA:12,(anonymous_1)
DA:3,12
DA:5,12
DA:8,12
DA:12,12
DA:70,12
LF:5
LH:5
BRF:0
BRH:0
end_of_record
TN:
SF:src\infrastructure\database\sequelize\models\index.cjs
FN:53,(anonymous_0)
FNF:1
FNH:1
FNDA:84,(anonymous_0)
DA:3,12
DA:4,12
DA:5,12
DA:6,12
DA:8,12
DA:10,12
DA:11,12
DA:13,12
DA:14,0
DA:15,0
DA:18,12
DA:23,12
DA:26,12
DA:28,12
DA:29,12
DA:30,12
DA:31,12
DA:32,12
DA:33,12
DA:34,12
DA:36,12
DA:38,12
DA:39,12
DA:40,12
DA:41,12
DA:42,12
DA:43,12
DA:44,12
DA:47,0
DA:53,12
DA:54,84
DA:55,84
DA:56,84
DA:60,12
LF:34
LH:31
BRDA:8,0,0,12
BRDA:8,0,1,0
BRDA:13,1,0,0
BRDA:13,1,1,12
BRDA:54,2,0,84
BRDA:54,2,1,0
BRF:6
BRH:3
end_of_record
TN:
SF:src\infrastructure\database\sequelize\repositories\SequelizeWebhookReprocessadoRepository.js
FN:4,(anonymous_0)
FN:19,(anonymous_1)
FN:56,(anonymous_2)
FN:65,(anonymous_3)
FNF:4
FNH:4
FNDA:10,(anonymous_0)
FNDA:7,(anonymous_1)
FNDA:2,(anonymous_2)
FNDA:2,(anonymous_3)
DA:5,10
DA:6,0
DA:8,10
DA:9,0
DA:11,10
DA:12,0
DA:14,10
DA:15,10
DA:16,10
DA:20,7
DA:22,7
DA:28,7
DA:29,0
DA:31,7
DA:32,1
DA:34,7
DA:35,1
DA:38,7
DA:39,1
DA:47,7
DA:48,1
DA:53,7
DA:57,2
DA:58,1
DA:60,1
DA:66,2
DA:67,1
DA:69,1
LF:28
LH:24
BRDA:5,0,0,0
BRDA:5,0,1,10
BRDA:8,1,0,0
BRDA:8,1,1,10
BRDA:11,2,0,0
BRDA:11,2,1,10
BRDA:28,3,0,0
BRDA:28,3,1,7
BRDA:31,4,0,1
BRDA:31,4,1,6
BRDA:34,5,0,1
BRDA:34,5,1,6
BRDA:38,6,0,1
BRDA:38,6,1,6
BRDA:47,7,0,1
BRDA:47,7,1,6
BRDA:47,8,0,7
BRDA:47,8,1,3
BRDA:47,8,2,2
BRDA:57,9,0,1
BRDA:57,9,1,1
BRDA:66,10,0,1
BRDA:66,10,1,1
BRF:23
BRH:19
end_of_record
TN:
SF:src\infrastructure\http\express\middlewares\AuthMiddleware.js
FN:3,createAuthMiddleware
FN:13,authMiddleware
FNF:2
FNH:2
FNDA:1,createAuthMiddleware
FNDA:1,authMiddleware
DA:7,1
DA:8,0
DA:13,1
DA:14,1
DA:16,1
DA:17,1
DA:18,1
DA:19,1
DA:20,1
DA:21,1
DA:23,1
DA:24,1
DA:25,1
DA:28,0
DA:29,0
DA:31,0
DA:36,0
DA:37,0
DA:38,0
DA:41,0
DA:42,0
DA:43,0
DA:46,0
DA:47,0
DA:48,0
DA:50,0
DA:53,0
DA:54,0
LF:28
LH:12
BRDA:3,0,0,0
BRDA:7,1,0,0
BRDA:7,1,1,1
BRDA:7,2,0,1
BRDA:7,2,1,1
BRDA:17,3,0,1
BRDA:17,3,1,0
BRDA:23,4,0,1
BRDA:23,4,1,0
BRDA:23,5,0,1
BRDA:23,5,1,0
BRDA:23,5,2,0
BRDA:23,5,3,0
BRDA:36,6,0,0
BRDA:36,6,1,0
BRDA:41,7,0,0
BRDA:41,7,1,0
BRF:17
BRH:6
end_of_record
TN:
SF:src\services\notificationConfigResolver.js
FN:6,resolveNotificationConfig
FNF:1
FNH:1
FNDA:5,resolveNotificationConfig
DA:1,2
DA:8,5
DA:10,5
DA:11,1
DA:14,4
DA:15,3
DA:18,1
LF:7
LH:7
BRDA:6,0,0,0
BRDA:8,1,0,5
BRDA:8,1,1,5
BRDA:10,2,0,1
BRDA:10,2,1,4
BRDA:10,3,0,5
BRDA:10,3,1,2
BRDA:14,4,0,3
BRDA:14,4,1,1
BRDA:14,5,0,4
BRDA:14,5,1,3
BRF:11
BRH:10
end_of_record
